
67. Printing statistics.

=== mult_32 ===

   Number of wires:                592
   Number of wire bits:            653
   Number of public wires:          65
   Number of public wire bits:     126
   Number of memories:               0
   Number of memory bits:            0
   Number of processes:              0
   Number of cells:                618
     sky130_fd_sc_hd__a2111oi_0      1
     sky130_fd_sc_hd__a211oi_1      29
     sky130_fd_sc_hd__a21bo_2        1
     sky130_fd_sc_hd__a21boi_0       2
     sky130_fd_sc_hd__a21o_1         1
     sky130_fd_sc_hd__a21oi_1       41
     sky130_fd_sc_hd__a221oi_1       3
     sky130_fd_sc_hd__a22o_1        18
     sky130_fd_sc_hd__a22oi_1        1
     sky130_fd_sc_hd__a311o_1        1
     sky130_fd_sc_hd__a311oi_1       5
     sky130_fd_sc_hd__a31oi_1        7
     sky130_fd_sc_hd__a32o_1         1
     sky130_fd_sc_hd__and3_1         5
     sky130_fd_sc_hd__buf_2          9
     sky130_fd_sc_hd__clkbuf_1      31
     sky130_fd_sc_hd__dfxtp_1       91
     sky130_fd_sc_hd__inv_1         33
     sky130_fd_sc_hd__inv_2         80
     sky130_fd_sc_hd__lpflow_clkbufkapwr_1     13
     sky130_fd_sc_hd__lpflow_inputiso0n_1      2
     sky130_fd_sc_hd__lpflow_isobufsrc_1      4
     sky130_fd_sc_hd__maj3_1         1
     sky130_fd_sc_hd__mux2i_1        1
     sky130_fd_sc_hd__nand2_1       43
     sky130_fd_sc_hd__nand2b_1       2
     sky130_fd_sc_hd__nand3_1        6
     sky130_fd_sc_hd__nand4_1        1
     sky130_fd_sc_hd__nor2_1        52
     sky130_fd_sc_hd__nor2b_1        3
     sky130_fd_sc_hd__nor3_1         6
     sky130_fd_sc_hd__nor4_1         5
     sky130_fd_sc_hd__nor4b_1        1
     sky130_fd_sc_hd__o211a_1        2
     sky130_fd_sc_hd__o211ai_1       2
     sky130_fd_sc_hd__o21a_1         3
     sky130_fd_sc_hd__o21ai_0       16
     sky130_fd_sc_hd__o21ai_1        5
     sky130_fd_sc_hd__o21bai_1       1
     sky130_fd_sc_hd__o22ai_1       30
     sky130_fd_sc_hd__o32ai_1        1
     sky130_fd_sc_hd__or2_2          3
     sky130_fd_sc_hd__or3_1          3
     sky130_fd_sc_hd__or3b_2         1
     sky130_fd_sc_hd__or4_1          1
     sky130_fd_sc_hd__xnor2_1       33
     sky130_fd_sc_hd__xor2_1        17

   Chip area for module '\mult_32': 4660.720000

