#! /usr/bin/vvp
:ivl_version "11.0 (stable)";
:ivl_delay_selection "TYPICAL";
:vpi_time_precision - 12;
:vpi_module "/usr/lib/x86_64-linux-gnu/ivl/system.vpi";
:vpi_module "/usr/lib/x86_64-linux-gnu/ivl/vhdl_sys.vpi";
:vpi_module "/usr/lib/x86_64-linux-gnu/ivl/vhdl_textio.vpi";
:vpi_module "/usr/lib/x86_64-linux-gnu/ivl/v2005_math.vpi";
:vpi_module "/usr/lib/x86_64-linux-gnu/ivl/va_math.vpi";
S_0x560a79826db0 .scope module, "mult_32_TB" "mult_32_TB" 2 3;
 .timescale -9 -12;
P_0x560a798131d0 .param/real "DUTY_CYCLE" 0 2 14, Cr<m4000000000000000gfc1>; value=0.500000
P_0x560a79813210 .param/l "OFFSET" 0 2 15, +C4<00000000000000000000000000000000>;
P_0x560a79813250 .param/l "PERIOD" 0 2 13, +C4<00000000000000000000000000010100>;
v0x560a798585f0_0 .var "A", 15 0;
v0x560a79858720_0 .var "B", 15 0;
v0x560a79858830_0 .var "clk", 0 0;
v0x560a798588d0_0 .net "done", 0 0, v0x560a798564a0_0;  1 drivers
v0x560a798589c0_0 .var "i", 20 0;
v0x560a79858ad0_0 .net "pp", 31 0, v0x560a79837a30_0;  1 drivers
v0x560a79858be0_0 .var "rst", 0 0;
v0x560a79858cd0_0 .var "start", 0 0;
E_0x560a79825a00 .event "reset_trigger";
E_0x560a79803a90 .event "reset_done_trigger";
S_0x560a79827030 .scope begin, "TEST_CASE" "TEST_CASE" 2 57, 2 57 0, S_0x560a79826db0;
 .timescale -9 -12;
S_0x560a798283a0 .scope module, "uut" "mult_32" 2 12, 3 1 0, S_0x560a79826db0;
 .timescale -9 -12;
    .port_info 0 /INPUT 1 "clk";
    .port_info 1 /INPUT 1 "rst";
    .port_info 2 /INPUT 1 "init";
    .port_info 3 /INPUT 16 "A";
    .port_info 4 /INPUT 16 "B";
    .port_info 5 /OUTPUT 32 "pp";
    .port_info 6 /OUTPUT 1 "done";
v0x560a79857ae0_0 .net "A", 15 0, v0x560a798585f0_0;  1 drivers
v0x560a79857bc0_0 .net "B", 15 0, v0x560a79858720_0;  1 drivers
v0x560a79857c60_0 .net "clk", 0 0, v0x560a79858830_0;  1 drivers
v0x560a79857d30_0 .net "done", 0 0, v0x560a798564a0_0;  alias, 1 drivers
v0x560a79857e00_0 .net "init", 0 0, v0x560a79858cd0_0;  1 drivers
v0x560a79857ea0_0 .net "pp", 31 0, v0x560a79837a30_0;  alias, 1 drivers
v0x560a79857f70_0 .net "rst", 0 0, v0x560a79858be0_0;  1 drivers
v0x560a79858040_0 .net "w_A", 31 0, v0x560a79857140_0;  1 drivers
v0x560a79858130_0 .net "w_B", 15 0, v0x560a79857850_0;  1 drivers
v0x560a798581d0_0 .net "w_add", 0 0, v0x560a79856210_0;  1 drivers
v0x560a798582c0_0 .net "w_reset", 0 0, v0x560a79856710_0;  1 drivers
v0x560a798583f0_0 .net "w_sh", 0 0, v0x560a79856850_0;  1 drivers
v0x560a79858490_0 .net "w_z", 0 0, L_0x560a79812920;  1 drivers
L_0x560a79858de0 .part v0x560a79857850_0, 0, 1;
S_0x560a79828580 .scope module, "acc0" "acc" 3 23, 4 1 0, S_0x560a798283a0;
 .timescale -9 -12;
    .port_info 0 /INPUT 1 "clk";
    .port_info 1 /INPUT 32 "A";
    .port_info 2 /INPUT 1 "add";
    .port_info 3 /INPUT 1 "rst";
    .port_info 4 /OUTPUT 32 "pp";
v0x560a798165c0_0 .net "A", 31 0, v0x560a79857140_0;  alias, 1 drivers
v0x560a79817730_0 .net "add", 0 0, v0x560a79856210_0;  alias, 1 drivers
v0x560a798375f0_0 .net "clk", 0 0, v0x560a79858830_0;  alias, 1 drivers
v0x560a79837a30_0 .var "pp", 31 0;
v0x560a79838300_0 .net "rst", 0 0, v0x560a79856710_0;  alias, 1 drivers
E_0x560a79838be0 .event negedge, v0x560a798375f0_0;
S_0x560a79855800 .scope module, "comp0" "comp" 3 22, 5 1 0, S_0x560a798283a0;
 .timescale -9 -12;
    .port_info 0 /INPUT 16 "B";
    .port_info 1 /OUTPUT 1 "z";
L_0x560a79812920 .functor BUFZ 1, v0x560a7980d800_0, C4<0>, C4<0>, C4<0>;
v0x560a7980ce40_0 .net "B", 15 0, v0x560a79857850_0;  alias, 1 drivers
v0x560a7980d800_0 .var "tmp", 0 0;
v0x560a79855ac0_0 .net "z", 0 0, L_0x560a79812920;  alias, 1 drivers
E_0x560a79838d80 .event edge, v0x560a7980ce40_0;
S_0x560a79855bc0 .scope module, "control0" "control_mult" 3 24, 6 1 0, S_0x560a798283a0;
 .timescale -9 -12;
    .port_info 0 /INPUT 1 "clk";
    .port_info 1 /INPUT 1 "rst";
    .port_info 2 /INPUT 1 "lsb_B";
    .port_info 3 /INPUT 1 "init";
    .port_info 4 /INPUT 1 "z";
    .port_info 5 /OUTPUT 1 "done";
    .port_info 6 /OUTPUT 1 "sh";
    .port_info 7 /OUTPUT 1 "reset";
    .port_info 8 /OUTPUT 1 "add";
P_0x560a79855da0 .param/l "ADD" 0 6 19, C4<011>;
P_0x560a79855de0 .param/l "CHECK" 0 6 17, C4<001>;
P_0x560a79855e20 .param/l "END" 0 6 20, C4<100>;
P_0x560a79855e60 .param/l "SHIFT" 0 6 18, C4<010>;
P_0x560a79855ea0 .param/l "START" 0 6 16, C4<000>;
v0x560a79856210_0 .var "add", 0 0;
v0x560a79856300_0 .net "clk", 0 0, v0x560a79858830_0;  alias, 1 drivers
v0x560a798563d0_0 .var "count", 3 0;
v0x560a798564a0_0 .var "done", 0 0;
v0x560a79856540_0 .net "init", 0 0, v0x560a79858cd0_0;  alias, 1 drivers
v0x560a79856650_0 .net "lsb_B", 0 0, L_0x560a79858de0;  1 drivers
v0x560a79856710_0 .var "reset", 0 0;
v0x560a798567b0_0 .net "rst", 0 0, v0x560a79858be0_0;  alias, 1 drivers
v0x560a79856850_0 .var "sh", 0 0;
v0x560a79856910_0 .var "state", 2 0;
v0x560a798569f0_0 .var "state_name", 320 1;
v0x560a79856ad0_0 .net "z", 0 0, L_0x560a79812920;  alias, 1 drivers
E_0x560a79856150 .event edge, v0x560a79856910_0;
E_0x560a798561b0 .event posedge, v0x560a798375f0_0;
S_0x560a79856ca0 .scope module, "lsr0" "lsr" 3 21, 7 1 0, S_0x560a798283a0;
 .timescale -9 -12;
    .port_info 0 /INPUT 1 "clk";
    .port_info 1 /INPUT 16 "in_A";
    .port_info 2 /INPUT 1 "shift";
    .port_info 3 /INPUT 1 "load";
    .port_info 4 /OUTPUT 32 "s_A";
v0x560a79856e60_0 .net "clk", 0 0, v0x560a79858830_0;  alias, 1 drivers
v0x560a79856f70_0 .net "in_A", 15 0, v0x560a798585f0_0;  alias, 1 drivers
v0x560a79857050_0 .net "load", 0 0, v0x560a79856710_0;  alias, 1 drivers
v0x560a79857140_0 .var "s_A", 31 0;
v0x560a798571e0_0 .net "shift", 0 0, v0x560a79856850_0;  alias, 1 drivers
S_0x560a79857360 .scope module, "rsr0" "rsr" 3 20, 8 1 0, S_0x560a798283a0;
 .timescale -9 -12;
    .port_info 0 /INPUT 1 "clk";
    .port_info 1 /INPUT 16 "in_B";
    .port_info 2 /INPUT 1 "shift";
    .port_info 3 /INPUT 1 "load";
    .port_info 4 /OUTPUT 16 "s_B";
v0x560a79857610_0 .net "clk", 0 0, v0x560a79858830_0;  alias, 1 drivers
v0x560a798576d0_0 .net "in_B", 15 0, v0x560a79858720_0;  alias, 1 drivers
v0x560a798577b0_0 .net "load", 0 0, v0x560a79856710_0;  alias, 1 drivers
v0x560a79857850_0 .var "s_B", 15 0;
v0x560a79857920_0 .net "shift", 0 0, v0x560a79856850_0;  alias, 1 drivers
    .scope S_0x560a79857360;
T_0 ;
    %wait E_0x560a79838be0;
    %load/vec4 v0x560a798577b0_0;
    %flag_set/vec4 8;
    %jmp/0xz  T_0.0, 8;
    %load/vec4 v0x560a798576d0_0;
    %store/vec4 v0x560a79857850_0, 0, 16;
    %jmp T_0.1;
T_0.0 ;
    %load/vec4 v0x560a79857920_0;
    %flag_set/vec4 8;
    %jmp/0xz  T_0.2, 8;
    %load/vec4 v0x560a79857850_0;
    %ix/load 4, 1, 0;
    %flag_set/imm 4, 0;
    %shiftr 4;
    %store/vec4 v0x560a79857850_0, 0, 16;
    %jmp T_0.3;
T_0.2 ;
    %load/vec4 v0x560a79857850_0;
    %store/vec4 v0x560a79857850_0, 0, 16;
T_0.3 ;
T_0.1 ;
    %jmp T_0;
    .thread T_0;
    .scope S_0x560a79856ca0;
T_1 ;
    %wait E_0x560a79838be0;
    %load/vec4 v0x560a79857050_0;
    %flag_set/vec4 8;
    %jmp/0xz  T_1.0, 8;
    %load/vec4 v0x560a79856f70_0;
    %pad/u 32;
    %store/vec4 v0x560a79857140_0, 0, 32;
    %jmp T_1.1;
T_1.0 ;
    %load/vec4 v0x560a798571e0_0;
    %flag_set/vec4 8;
    %jmp/0xz  T_1.2, 8;
    %load/vec4 v0x560a79857140_0;
    %ix/load 4, 1, 0;
    %flag_set/imm 4, 0;
    %shiftl 4;
    %store/vec4 v0x560a79857140_0, 0, 32;
    %jmp T_1.3;
T_1.2 ;
    %load/vec4 v0x560a79857140_0;
    %store/vec4 v0x560a79857140_0, 0, 32;
T_1.3 ;
T_1.1 ;
    %jmp T_1;
    .thread T_1;
    .scope S_0x560a79855800;
T_2 ;
    %pushi/vec4 0, 0, 1;
    %store/vec4 v0x560a7980d800_0, 0, 1;
    %end;
    .thread T_2;
    .scope S_0x560a79855800;
T_3 ;
    %wait E_0x560a79838d80;
    %load/vec4 v0x560a7980ce40_0;
    %pad/u 32;
    %cmpi/e 0, 0, 32;
    %flag_mov 8, 4;
    %jmp/0 T_3.0, 8;
    %pushi/vec4 1, 0, 1;
    %jmp/1 T_3.1, 8;
T_3.0 ; End of true expr.
    %pushi/vec4 0, 0, 1;
    %jmp/0 T_3.1, 8;
 ; End of false expr.
    %blend;
T_3.1;
    %store/vec4 v0x560a7980d800_0, 0, 1;
    %jmp T_3;
    .thread T_3, $push;
    .scope S_0x560a79828580;
T_4 ;
    %pushi/vec4 0, 0, 32;
    %store/vec4 v0x560a79837a30_0, 0, 32;
    %end;
    .thread T_4;
    .scope S_0x560a79828580;
T_5 ;
    %wait E_0x560a79838be0;
    %load/vec4 v0x560a79838300_0;
    %flag_set/vec4 8;
    %jmp/0xz  T_5.0, 8;
    %pushi/vec4 0, 0, 32;
    %store/vec4 v0x560a79837a30_0, 0, 32;
    %jmp T_5.1;
T_5.0 ;
    %load/vec4 v0x560a79817730_0;
    %flag_set/vec4 8;
    %jmp/0xz  T_5.2, 8;
    %load/vec4 v0x560a79837a30_0;
    %load/vec4 v0x560a798165c0_0;
    %add;
    %store/vec4 v0x560a79837a30_0, 0, 32;
    %jmp T_5.3;
T_5.2 ;
    %load/vec4 v0x560a79837a30_0;
    %store/vec4 v0x560a79837a30_0, 0, 32;
T_5.3 ;
T_5.1 ;
    %jmp T_5;
    .thread T_5;
    .scope S_0x560a79855bc0;
T_6 ;
    %pushi/vec4 0, 0, 1;
    %store/vec4 v0x560a798564a0_0, 0, 1;
    %pushi/vec4 0, 0, 1;
    %store/vec4 v0x560a79856850_0, 0, 1;
    %pushi/vec4 0, 0, 1;
    %store/vec4 v0x560a79856710_0, 0, 1;
    %pushi/vec4 0, 0, 1;
    %store/vec4 v0x560a79856210_0, 0, 1;
    %pushi/vec4 0, 0, 3;
    %store/vec4 v0x560a79856910_0, 0, 3;
    %end;
    .thread T_6;
    .scope S_0x560a79855bc0;
T_7 ;
    %wait E_0x560a798561b0;
    %load/vec4 v0x560a798567b0_0;
    %flag_set/vec4 8;
    %jmp/0xz  T_7.0, 8;
    %pushi/vec4 0, 0, 3;
    %store/vec4 v0x560a79856910_0, 0, 3;
    %jmp T_7.1;
T_7.0 ;
    %load/vec4 v0x560a79856910_0;
    %dup/vec4;
    %pushi/vec4 0, 0, 3;
    %cmp/u;
    %jmp/1 T_7.2, 6;
    %dup/vec4;
    %pushi/vec4 1, 0, 3;
    %cmp/u;
    %jmp/1 T_7.3, 6;
    %dup/vec4;
    %pushi/vec4 2, 0, 3;
    %cmp/u;
    %jmp/1 T_7.4, 6;
    %dup/vec4;
    %pushi/vec4 3, 0, 3;
    %cmp/u;
    %jmp/1 T_7.5, 6;
    %dup/vec4;
    %pushi/vec4 4, 0, 3;
    %cmp/u;
    %jmp/1 T_7.6, 6;
    %pushi/vec4 0, 0, 3;
    %store/vec4 v0x560a79856910_0, 0, 3;
    %jmp T_7.8;
T_7.2 ;
    %pushi/vec4 0, 0, 1;
    %store/vec4 v0x560a798564a0_0, 0, 1;
    %pushi/vec4 0, 0, 1;
    %store/vec4 v0x560a79856850_0, 0, 1;
    %pushi/vec4 1, 0, 1;
    %store/vec4 v0x560a79856710_0, 0, 1;
    %pushi/vec4 0, 0, 1;
    %store/vec4 v0x560a79856210_0, 0, 1;
    %pushi/vec4 0, 0, 4;
    %store/vec4 v0x560a798563d0_0, 0, 4;
    %load/vec4 v0x560a79856540_0;
    %flag_set/vec4 8;
    %jmp/0xz  T_7.9, 8;
    %pushi/vec4 1, 0, 3;
    %store/vec4 v0x560a79856910_0, 0, 3;
    %jmp T_7.10;
T_7.9 ;
    %pushi/vec4 0, 0, 3;
    %store/vec4 v0x560a79856910_0, 0, 3;
T_7.10 ;
    %jmp T_7.8;
T_7.3 ;
    %pushi/vec4 0, 0, 1;
    %store/vec4 v0x560a798564a0_0, 0, 1;
    %pushi/vec4 0, 0, 1;
    %store/vec4 v0x560a79856850_0, 0, 1;
    %pushi/vec4 0, 0, 1;
    %store/vec4 v0x560a79856710_0, 0, 1;
    %pushi/vec4 0, 0, 1;
    %store/vec4 v0x560a79856210_0, 0, 1;
    %load/vec4 v0x560a79856650_0;
    %flag_set/vec4 8;
    %jmp/0xz  T_7.11, 8;
    %pushi/vec4 3, 0, 3;
    %store/vec4 v0x560a79856910_0, 0, 3;
    %jmp T_7.12;
T_7.11 ;
    %pushi/vec4 2, 0, 3;
    %store/vec4 v0x560a79856910_0, 0, 3;
T_7.12 ;
    %jmp T_7.8;
T_7.4 ;
    %pushi/vec4 0, 0, 1;
    %store/vec4 v0x560a798564a0_0, 0, 1;
    %pushi/vec4 1, 0, 1;
    %store/vec4 v0x560a79856850_0, 0, 1;
    %pushi/vec4 0, 0, 1;
    %store/vec4 v0x560a79856710_0, 0, 1;
    %pushi/vec4 0, 0, 1;
    %store/vec4 v0x560a79856210_0, 0, 1;
    %load/vec4 v0x560a79856ad0_0;
    %flag_set/vec4 8;
    %jmp/0xz  T_7.13, 8;
    %pushi/vec4 4, 0, 3;
    %store/vec4 v0x560a79856910_0, 0, 3;
    %jmp T_7.14;
T_7.13 ;
    %pushi/vec4 1, 0, 3;
    %store/vec4 v0x560a79856910_0, 0, 3;
T_7.14 ;
    %jmp T_7.8;
T_7.5 ;
    %pushi/vec4 0, 0, 1;
    %store/vec4 v0x560a798564a0_0, 0, 1;
    %pushi/vec4 0, 0, 1;
    %store/vec4 v0x560a79856850_0, 0, 1;
    %pushi/vec4 0, 0, 1;
    %store/vec4 v0x560a79856710_0, 0, 1;
    %pushi/vec4 1, 0, 1;
    %store/vec4 v0x560a79856210_0, 0, 1;
    %pushi/vec4 2, 0, 3;
    %store/vec4 v0x560a79856910_0, 0, 3;
    %jmp T_7.8;
T_7.6 ;
    %pushi/vec4 1, 0, 1;
    %store/vec4 v0x560a798564a0_0, 0, 1;
    %pushi/vec4 0, 0, 1;
    %store/vec4 v0x560a79856850_0, 0, 1;
    %pushi/vec4 0, 0, 1;
    %store/vec4 v0x560a79856710_0, 0, 1;
    %pushi/vec4 0, 0, 1;
    %store/vec4 v0x560a79856210_0, 0, 1;
    %load/vec4 v0x560a798563d0_0;
    %addi 1, 0, 4;
    %store/vec4 v0x560a798563d0_0, 0, 4;
    %load/vec4 v0x560a798563d0_0;
    %pad/u 32;
    %cmpi/u 9, 0, 32;
    %flag_or 5, 4; GT is !LE
    %flag_inv 5;
    %flag_mov 8, 5;
    %jmp/0 T_7.15, 8;
    %pushi/vec4 0, 0, 3;
    %jmp/1 T_7.16, 8;
T_7.15 ; End of true expr.
    %pushi/vec4 4, 0, 3;
    %jmp/0 T_7.16, 8;
 ; End of false expr.
    %blend;
T_7.16;
    %store/vec4 v0x560a79856910_0, 0, 3;
    %jmp T_7.8;
T_7.8 ;
    %pop/vec4 1;
T_7.1 ;
    %jmp T_7;
    .thread T_7;
    .scope S_0x560a79855bc0;
T_8 ;
    %wait E_0x560a79856150;
    %load/vec4 v0x560a79856910_0;
    %dup/vec4;
    %pushi/vec4 0, 0, 3;
    %cmp/u;
    %jmp/1 T_8.0, 6;
    %dup/vec4;
    %pushi/vec4 1, 0, 3;
    %cmp/u;
    %jmp/1 T_8.1, 6;
    %dup/vec4;
    %pushi/vec4 2, 0, 3;
    %cmp/u;
    %jmp/1 T_8.2, 6;
    %dup/vec4;
    %pushi/vec4 3, 0, 3;
    %cmp/u;
    %jmp/1 T_8.3, 6;
    %dup/vec4;
    %pushi/vec4 4, 0, 3;
    %cmp/u;
    %jmp/1 T_8.4, 6;
    %jmp T_8.5;
T_8.0 ;
    %pushi/vec4 0, 0, 32; draw_string_vec4
    %pushi/vec4 0, 0, 32; draw_string_vec4
    %concat/vec4; draw_string_vec4
    %pushi/vec4 0, 0, 32; draw_string_vec4
    %concat/vec4; draw_string_vec4
    %pushi/vec4 0, 0, 32; draw_string_vec4
    %concat/vec4; draw_string_vec4
    %pushi/vec4 0, 0, 32; draw_string_vec4
    %concat/vec4; draw_string_vec4
    %pushi/vec4 0, 0, 32; draw_string_vec4
    %concat/vec4; draw_string_vec4
    %pushi/vec4 0, 0, 32; draw_string_vec4
    %concat/vec4; draw_string_vec4
    %pushi/vec4 0, 0, 32; draw_string_vec4
    %concat/vec4; draw_string_vec4
    %pushi/vec4 83, 0, 32; draw_string_vec4
    %concat/vec4; draw_string_vec4
    %pushi/vec4 1413567060, 0, 32; draw_string_vec4
    %concat/vec4; draw_string_vec4
    %store/vec4 v0x560a798569f0_0, 0, 320;
    %jmp T_8.5;
T_8.1 ;
    %pushi/vec4 0, 0, 32; draw_string_vec4
    %pushi/vec4 0, 0, 32; draw_string_vec4
    %concat/vec4; draw_string_vec4
    %pushi/vec4 0, 0, 32; draw_string_vec4
    %concat/vec4; draw_string_vec4
    %pushi/vec4 0, 0, 32; draw_string_vec4
    %concat/vec4; draw_string_vec4
    %pushi/vec4 0, 0, 32; draw_string_vec4
    %concat/vec4; draw_string_vec4
    %pushi/vec4 0, 0, 32; draw_string_vec4
    %concat/vec4; draw_string_vec4
    %pushi/vec4 0, 0, 32; draw_string_vec4
    %concat/vec4; draw_string_vec4
    %pushi/vec4 0, 0, 32; draw_string_vec4
    %concat/vec4; draw_string_vec4
    %pushi/vec4 67, 0, 32; draw_string_vec4
    %concat/vec4; draw_string_vec4
    %pushi/vec4 1212498763, 0, 32; draw_string_vec4
    %concat/vec4; draw_string_vec4
    %store/vec4 v0x560a798569f0_0, 0, 320;
    %jmp T_8.5;
T_8.2 ;
    %pushi/vec4 0, 0, 32; draw_string_vec4
    %pushi/vec4 0, 0, 32; draw_string_vec4
    %concat/vec4; draw_string_vec4
    %pushi/vec4 0, 0, 32; draw_string_vec4
    %concat/vec4; draw_string_vec4
    %pushi/vec4 0, 0, 32; draw_string_vec4
    %concat/vec4; draw_string_vec4
    %pushi/vec4 0, 0, 32; draw_string_vec4
    %concat/vec4; draw_string_vec4
    %pushi/vec4 0, 0, 32; draw_string_vec4
    %concat/vec4; draw_string_vec4
    %pushi/vec4 0, 0, 32; draw_string_vec4
    %concat/vec4; draw_string_vec4
    %pushi/vec4 0, 0, 32; draw_string_vec4
    %concat/vec4; draw_string_vec4
    %pushi/vec4 83, 0, 32; draw_string_vec4
    %concat/vec4; draw_string_vec4
    %pushi/vec4 1212761684, 0, 32; draw_string_vec4
    %concat/vec4; draw_string_vec4
    %store/vec4 v0x560a798569f0_0, 0, 320;
    %jmp T_8.5;
T_8.3 ;
    %pushi/vec4 0, 0, 32; draw_string_vec4
    %pushi/vec4 0, 0, 32; draw_string_vec4
    %concat/vec4; draw_string_vec4
    %pushi/vec4 0, 0, 32; draw_string_vec4
    %concat/vec4; draw_string_vec4
    %pushi/vec4 0, 0, 32; draw_string_vec4
    %concat/vec4; draw_string_vec4
    %pushi/vec4 0, 0, 32; draw_string_vec4
    %concat/vec4; draw_string_vec4
    %pushi/vec4 0, 0, 32; draw_string_vec4
    %concat/vec4; draw_string_vec4
    %pushi/vec4 0, 0, 32; draw_string_vec4
    %concat/vec4; draw_string_vec4
    %pushi/vec4 0, 0, 32; draw_string_vec4
    %concat/vec4; draw_string_vec4
    %pushi/vec4 0, 0, 32; draw_string_vec4
    %concat/vec4; draw_string_vec4
    %pushi/vec4 4277316, 0, 32; draw_string_vec4
    %concat/vec4; draw_string_vec4
    %store/vec4 v0x560a798569f0_0, 0, 320;
    %jmp T_8.5;
T_8.4 ;
    %pushi/vec4 0, 0, 32; draw_string_vec4
    %pushi/vec4 0, 0, 32; draw_string_vec4
    %concat/vec4; draw_string_vec4
    %pushi/vec4 0, 0, 32; draw_string_vec4
    %concat/vec4; draw_string_vec4
    %pushi/vec4 0, 0, 32; draw_string_vec4
    %concat/vec4; draw_string_vec4
    %pushi/vec4 0, 0, 32; draw_string_vec4
    %concat/vec4; draw_string_vec4
    %pushi/vec4 0, 0, 32; draw_string_vec4
    %concat/vec4; draw_string_vec4
    %pushi/vec4 0, 0, 32; draw_string_vec4
    %concat/vec4; draw_string_vec4
    %pushi/vec4 0, 0, 32; draw_string_vec4
    %concat/vec4; draw_string_vec4
    %pushi/vec4 0, 0, 32; draw_string_vec4
    %concat/vec4; draw_string_vec4
    %pushi/vec4 4542020, 0, 32; draw_string_vec4
    %concat/vec4; draw_string_vec4
    %store/vec4 v0x560a798569f0_0, 0, 320;
    %jmp T_8.5;
T_8.5 ;
    %pop/vec4 1;
    %jmp T_8;
    .thread T_8, $push;
    .scope S_0x560a79826db0;
T_9 ;
T_9.0 ;
    %wait E_0x560a79825a00;
    %pushi/vec4 1, 0, 1;
    %store/vec4 v0x560a79858be0_0, 0, 1;
    %wait E_0x560a79838be0;
    %pushi/vec4 1, 0, 1;
    %store/vec4 v0x560a79858be0_0, 0, 1;
    %wait E_0x560a79838be0;
    %pushi/vec4 0, 0, 1;
    %store/vec4 v0x560a79858be0_0, 0, 1;
    %event E_0x560a79803a90;
    %jmp T_9.0;
    %end;
    .thread T_9;
    .scope S_0x560a79826db0;
T_10 ;
    %pushi/vec4 0, 0, 1;
    %store/vec4 v0x560a79858830_0, 0, 1;
    %pushi/vec4 1, 0, 1;
    %store/vec4 v0x560a79858be0_0, 0, 1;
    %pushi/vec4 0, 0, 1;
    %store/vec4 v0x560a79858cd0_0, 0, 1;
    %pushi/vec4 247, 0, 16;
    %store/vec4 v0x560a798585f0_0, 0, 16;
    %pushi/vec4 127, 0, 16;
    %store/vec4 v0x560a79858720_0, 0, 16;
    %end;
    .thread T_10;
    .scope S_0x560a79826db0;
T_11 ;
    %delay 0, 0;
T_11.0 ;
    %pushi/vec4 0, 0, 1;
    %store/vec4 v0x560a79858830_0, 0, 1;
    %delay 10000, 0;
    %pushi/vec4 1, 0, 1;
    %store/vec4 v0x560a79858830_0, 0, 1;
    %delay 10000, 0;
    %jmp T_11.0;
    %end;
    .thread T_11;
    .scope S_0x560a79826db0;
T_12 ;
    %delay 10000, 0;
    %event E_0x560a79825a00;
    %wait E_0x560a79803a90;
    %wait E_0x560a798561b0;
    %pushi/vec4 0, 0, 1;
    %store/vec4 v0x560a79858cd0_0, 0, 1;
    %wait E_0x560a798561b0;
    %pushi/vec4 1, 0, 1;
    %store/vec4 v0x560a79858cd0_0, 0, 1;
    %pushi/vec4 0, 0, 21;
    %store/vec4 v0x560a798589c0_0, 0, 21;
T_12.0 ;
    %load/vec4 v0x560a798589c0_0;
    %pad/u 32;
    %cmpi/u 2, 0, 32;
    %jmp/0xz T_12.1, 5;
    %wait E_0x560a798561b0;
    %load/vec4 v0x560a798589c0_0;
    %addi 1, 0, 21;
    %store/vec4 v0x560a798589c0_0, 0, 21;
    %jmp T_12.0;
T_12.1 ;
    %pushi/vec4 0, 0, 1;
    %store/vec4 v0x560a79858cd0_0, 0, 1;
    %pushi/vec4 0, 0, 21;
    %store/vec4 v0x560a798589c0_0, 0, 21;
T_12.2 ;
    %load/vec4 v0x560a798589c0_0;
    %pad/u 32;
    %cmpi/u 17, 0, 32;
    %jmp/0xz T_12.3, 5;
    %wait E_0x560a798561b0;
    %load/vec4 v0x560a798589c0_0;
    %addi 1, 0, 21;
    %store/vec4 v0x560a798589c0_0, 0, 21;
    %jmp T_12.2;
T_12.3 ;
    %end;
    .thread T_12;
    .scope S_0x560a79826db0;
T_13 ;
    %fork t_1, S_0x560a79827030;
    %jmp t_0;
    .scope S_0x560a79827030;
t_1 ;
    %vpi_call 2 58 "$dumpfile", "mult_32_TB.vcd" {0 0 0};
    %vpi_call 2 59 "$dumpvars", 32'sb11111111111111111111111111111111, S_0x560a798283a0 {0 0 0};
    %delay 1200000, 0;
    %vpi_call 2 60 "$finish" {0 0 0};
    %end;
    .scope S_0x560a79826db0;
t_0 %join;
    %end;
    .thread T_13;
# The file index is used to find the file name in the following table.
:file_names 9;
    "N/A";
    "<interactive>";
    "mult_32_TB.v";
    "mult_32.v";
    "acc.v";
    "comp.v";
    "control_mult.v";
    "lsr.v";
    "rsr.v";
