#! /usr/bin/vvp
:ivl_version "11.0 (stable)";
:ivl_delay_selection "TYPICAL";
:vpi_time_precision - 12;
:vpi_module "/usr/lib/x86_64-linux-gnu/ivl/system.vpi";
:vpi_module "/usr/lib/x86_64-linux-gnu/ivl/vhdl_sys.vpi";
:vpi_module "/usr/lib/x86_64-linux-gnu/ivl/vhdl_textio.vpi";
:vpi_module "/usr/lib/x86_64-linux-gnu/ivl/v2005_math.vpi";
:vpi_module "/usr/lib/x86_64-linux-gnu/ivl/va_math.vpi";
S_0x5558949c67b0 .scope module, "MappedSPIFlash_TB" "MappedSPIFlash_TB" 2 3;
 .timescale -9 -12;
P_0x555894943620 .param/real "DUTY_CYCLE" 0 2 27, Cr<m4000000000000000gfc1>; value=0.500000
P_0x555894943660 .param/l "OFFSET" 0 2 28, +C4<00000000000000000000000000000000>;
P_0x5558949436a0 .param/l "PERIOD" 0 2 26, +C4<00000000000000000000000000010100>;
v0x5558949fda60_0 .net "CLK", 0 0, L_0x5558949dbfc0;  1 drivers
v0x5558949fdb20_0 .net "CS_N", 0 0, v0x5558949fc2f0_0;  1 drivers
v0x5558949fdc30_0 .net "MISO", 0 0, L_0x555894a0f260;  1 drivers
v0x5558949fdd20_0 .net "MOSI", 0 0, L_0x555894a0ea20;  1 drivers
v0x5558949fde10_0 .var "clk", 0 0;
v0x5558949fdf00_0 .var "i", 20 0;
v0x5558949fdfa0_0 .net "rbusy", 0 0, L_0x555894a0e930;  1 drivers
v0x5558949fe040_0 .net "rdata", 31 0, L_0x555894a0f0d0;  1 drivers
v0x5558949fe0e0_0 .var "reset", 0 0;
v0x5558949fe180_0 .var "rstrb", 0 0;
v0x5558949fe220_0 .var "word_address", 19 0;
E_0x5558949dda10 .event posedge, v0x5558949fd040_0;
S_0x5558949c6620 .scope begin, "TEST_CASE" "TEST_CASE" 2 61, 2 61 0, S_0x5558949c67b0;
 .timescale -9 -12;
S_0x555894989f20 .scope module, "flash0" "spiflash" 2 18, 3 39 0, S_0x5558949c67b0;
 .timescale -9 -12;
    .port_info 0 /INPUT 1 "csb";
    .port_info 1 /INPUT 1 "clk";
    .port_info 2 /INOUT 1 "io0";
    .port_info 3 /INOUT 1 "io1";
    .port_info 4 /INOUT 1 "io2";
    .port_info 5 /INOUT 1 "io3";
P_0x5558949c3420 .param/l "latency" 1 3 48, +C4<00000000000000000000000000001000>;
P_0x5558949c3460 .param/l "mode_dspi_rd" 1 3 66, C4<0010>;
P_0x5558949c34a0 .param/l "mode_dspi_wr" 1 3 67, C4<0011>;
P_0x5558949c34e0 .param/l "mode_qspi_ddr_rd" 1 3 70, C4<0110>;
P_0x5558949c3520 .param/l "mode_qspi_ddr_wr" 1 3 71, C4<0111>;
P_0x5558949c3560 .param/l "mode_qspi_rd" 1 3 68, C4<0100>;
P_0x5558949c35a0 .param/l "mode_qspi_wr" 1 3 69, C4<0101>;
P_0x5558949c35e0 .param/l "mode_spi" 1 3 65, C4<0001>;
P_0x5558949c3620 .param/l "verbose" 1 3 47, +C4<00000000000000000000000000000000>;
L_0x5558949dc3f0/d .functor BUFZ 1, L_0x555894a0ea20, C4<0>, C4<0>, C4<0>;
L_0x5558949dc3f0 .delay 1 (1000,1000,1000) L_0x5558949dc3f0/d;
L_0x5558949dc7e0/d .functor BUFZ 1, L_0x555894a0f260, C4<0>, C4<0>, C4<0>;
L_0x5558949dc7e0 .delay 1 (1000,1000,1000) L_0x5558949dc7e0/d;
L_0x5558949dcb00/d .functor BUFZ 1, L_0x555894a0f3a0, C4<0>, C4<0>, C4<0>;
L_0x5558949dcb00 .delay 1 (1000,1000,1000) L_0x5558949dcb00/d;
L_0x555894a0f960/d .functor BUFZ 1, L_0x555894a0f540, C4<0>, C4<0>, C4<0>;
L_0x555894a0f960 .delay 1 (1000,1000,1000) L_0x555894a0f960/d;
o0x7fd93ed51018 .functor BUFZ 1, C4<z>; HiZ drive
; Elide local net with no drivers, v0x5558949dc570_0 name=_ivl_0
o0x7fd93ed51048 .functor BUFZ 1, C4<z>; HiZ drive
; Elide local net with no drivers, v0x5558949dc940_0 name=_ivl_4
o0x7fd93ed51078 .functor BUFZ 1, C4<z>; HiZ drive
; Elide local net with no drivers, v0x5558949dcc60_0 name=_ivl_8
v0x5558949bfca0_0 .var/i "bitcount", 31 0;
v0x5558949bf280_0 .var "buffer", 7 0;
v0x5558949be8f0_0 .var/i "bytecount", 31 0;
v0x5558949fa7a0_0 .net "clk", 0 0, L_0x5558949dbfc0;  alias, 1 drivers
v0x5558949fa860_0 .net "csb", 0 0, v0x5558949fc2f0_0;  alias, 1 drivers
v0x5558949fa920_0 .var/i "dummycount", 31 0;
v0x5558949faa00_0 .var "firmware_file", 1023 0;
v0x5558949faae0_0 .net "io0", 0 0, L_0x555894a0ea20;  alias, 1 drivers
v0x5558949faba0_0 .net "io0_delayed", 0 0, L_0x5558949dc3f0;  1 drivers
v0x5558949fac60_0 .var "io0_dout", 0 0;
v0x5558949fad20_0 .var "io0_oe", 0 0;
v0x5558949fade0_0 .net "io1", 0 0, L_0x555894a0f260;  alias, 1 drivers
v0x5558949faea0_0 .net "io1_delayed", 0 0, L_0x5558949dc7e0;  1 drivers
v0x5558949faf60_0 .var "io1_dout", 0 0;
v0x5558949fb020_0 .var "io1_oe", 0 0;
v0x5558949fb0e0_0 .net "io2", 0 0, L_0x555894a0f3a0;  1 drivers
v0x5558949fb1a0_0 .net "io2_delayed", 0 0, L_0x5558949dcb00;  1 drivers
v0x5558949fb260_0 .var "io2_dout", 0 0;
v0x5558949fb320_0 .var "io2_oe", 0 0;
v0x5558949fb3e0_0 .net "io3", 0 0, L_0x555894a0f540;  1 drivers
v0x5558949fb4a0_0 .net "io3_delayed", 0 0, L_0x555894a0f960;  1 drivers
v0x5558949fb560_0 .var "io3_dout", 0 0;
v0x5558949fb620_0 .var "io3_oe", 0 0;
v0x5558949fb6e0 .array "memory", 4095 0, 7 0;
v0x5558949fb7a0_0 .var "mode", 3 0;
v0x5558949fb880_0 .var "next_mode", 3 0;
v0x5558949fb960_0 .var "powered_up", 0 0;
v0x5558949fba20_0 .var "spi_addr", 23 0;
v0x5558949fbb00_0 .var "spi_cmd", 7 0;
v0x5558949fbbe0_0 .var "spi_in", 7 0;
v0x5558949fbcc0_0 .var "spi_io_vld", 0 0;
v0x5558949fbd80_0 .var "spi_out", 7 0;
v0x5558949fbe60_0 .var "xip_cmd", 7 0;
E_0x5558949ddbd0 .event negedge, v0x5558949fa7a0_0;
E_0x5558949dd930 .event edge, v0x5558949fa7a0_0, v0x5558949fa860_0;
E_0x5558949dd8b0 .event edge, v0x5558949fa860_0;
L_0x555894a0f260 .delay 1 (1000,1000,1000) L_0x555894a0f260/d;
L_0x555894a0f260/d .functor MUXZ 1, o0x7fd93ed51018, v0x5558949faf60_0, v0x5558949fb020_0, C4<>;
L_0x555894a0f3a0 .delay 1 (1000,1000,1000) L_0x555894a0f3a0/d;
L_0x555894a0f3a0/d .functor MUXZ 1, o0x7fd93ed51048, v0x5558949fb260_0, v0x5558949fb320_0, C4<>;
L_0x555894a0f540 .delay 1 (1000,1000,1000) L_0x555894a0f540/d;
L_0x555894a0f540/d .functor MUXZ 1, o0x7fd93ed51078, v0x5558949fb560_0, v0x5558949fb620_0, C4<>;
S_0x555894981880 .scope task, "ddr_rd_edge" "ddr_rd_edge" 3 235, 3 235 0, S_0x555894989f20;
 .timescale -9 -12;
TD_MappedSPIFlash_TB.flash0.ddr_rd_edge ;
    %load/vec4 v0x5558949bf280_0;
    %load/vec4 v0x5558949fb4a0_0;
    %concat/vec4; draw_concat_vec4
    %load/vec4 v0x5558949fb1a0_0;
    %concat/vec4; draw_concat_vec4
    %load/vec4 v0x5558949faea0_0;
    %concat/vec4; draw_concat_vec4
    %load/vec4 v0x5558949faba0_0;
    %concat/vec4; draw_concat_vec4
    %pad/u 8;
    %store/vec4 v0x5558949bf280_0, 0, 8;
    %load/vec4 v0x5558949bfca0_0;
    %addi 4, 0, 32;
    %store/vec4 v0x5558949bfca0_0, 0, 32;
    %load/vec4 v0x5558949bfca0_0;
    %cmpi/e 8, 0, 32;
    %jmp/0xz  T_0.0, 4;
    %pushi/vec4 0, 0, 32;
    %store/vec4 v0x5558949bfca0_0, 0, 32;
    %load/vec4 v0x5558949be8f0_0;
    %addi 1, 0, 32;
    %store/vec4 v0x5558949be8f0_0, 0, 32;
    %fork TD_MappedSPIFlash_TB.flash0.spi_action, S_0x5558949ddf30;
    %join;
T_0.0 ;
    %end;
S_0x555894981a60 .scope task, "ddr_wr_edge" "ddr_wr_edge" 3 247, 3 247 0, S_0x555894989f20;
 .timescale -9 -12;
TD_MappedSPIFlash_TB.flash0.ddr_wr_edge ;
    %pushi/vec4 1, 0, 1;
    %store/vec4 v0x5558949fad20_0, 0, 1;
    %pushi/vec4 1, 0, 1;
    %store/vec4 v0x5558949fb020_0, 0, 1;
    %pushi/vec4 1, 0, 1;
    %store/vec4 v0x5558949fb320_0, 0, 1;
    %pushi/vec4 1, 0, 1;
    %store/vec4 v0x5558949fb620_0, 0, 1;
    %load/vec4 v0x5558949bf280_0;
    %parti/s 1, 4, 4;
    %store/vec4 v0x5558949fac60_0, 0, 1;
    %load/vec4 v0x5558949bf280_0;
    %parti/s 1, 5, 4;
    %store/vec4 v0x5558949faf60_0, 0, 1;
    %load/vec4 v0x5558949bf280_0;
    %parti/s 1, 6, 4;
    %store/vec4 v0x5558949fb260_0, 0, 1;
    %load/vec4 v0x5558949bf280_0;
    %parti/s 1, 7, 4;
    %store/vec4 v0x5558949fb560_0, 0, 1;
    %load/vec4 v0x5558949bf280_0;
    %concati/vec4 0, 0, 4;
    %pad/u 8;
    %store/vec4 v0x5558949bf280_0, 0, 8;
    %load/vec4 v0x5558949bfca0_0;
    %addi 4, 0, 32;
    %store/vec4 v0x5558949bfca0_0, 0, 32;
    %load/vec4 v0x5558949bfca0_0;
    %cmpi/e 8, 0, 32;
    %jmp/0xz  T_1.2, 4;
    %pushi/vec4 0, 0, 32;
    %store/vec4 v0x5558949bfca0_0, 0, 32;
    %load/vec4 v0x5558949be8f0_0;
    %addi 1, 0, 32;
    %store/vec4 v0x5558949be8f0_0, 0, 32;
    %fork TD_MappedSPIFlash_TB.flash0.spi_action, S_0x5558949ddf30;
    %join;
T_1.2 ;
    %end;
S_0x5558949ddf30 .scope task, "spi_action" "spi_action" 3 115, 3 115 0, S_0x555894989f20;
 .timescale -9 -12;
TD_MappedSPIFlash_TB.flash0.spi_action ;
    %load/vec4 v0x5558949bf280_0;
    %store/vec4 v0x5558949fbbe0_0, 0, 8;
    %load/vec4 v0x5558949be8f0_0;
    %cmpi/e 1, 0, 32;
    %jmp/0xz  T_2.4, 4;
    %load/vec4 v0x5558949bf280_0;
    %store/vec4 v0x5558949fbb00_0, 0, 8;
    %load/vec4 v0x5558949fbb00_0;
    %cmpi/e 171, 0, 8;
    %jmp/0xz  T_2.6, 4;
    %pushi/vec4 1, 0, 1;
    %store/vec4 v0x5558949fb960_0, 0, 1;
T_2.6 ;
    %load/vec4 v0x5558949fbb00_0;
    %cmpi/e 185, 0, 8;
    %jmp/0xz  T_2.8, 4;
    %pushi/vec4 0, 0, 1;
    %store/vec4 v0x5558949fb960_0, 0, 1;
T_2.8 ;
    %load/vec4 v0x5558949fbb00_0;
    %cmpi/e 255, 0, 8;
    %jmp/0xz  T_2.10, 4;
    %pushi/vec4 0, 0, 8;
    %store/vec4 v0x5558949fbe60_0, 0, 8;
T_2.10 ;
T_2.4 ;
    %load/vec4 v0x5558949fb960_0;
    %load/vec4 v0x5558949fbb00_0;
    %pad/u 32;
    %pushi/vec4 3, 0, 32;
    %cmp/e;
    %flag_get/vec4 4;
    %and;
    %flag_set/vec4 8;
    %jmp/0xz  T_2.12, 8;
    %load/vec4 v0x5558949be8f0_0;
    %cmpi/e 2, 0, 32;
    %jmp/0xz  T_2.14, 4;
    %load/vec4 v0x5558949bf280_0;
    %ix/load 4, 16, 0;
    %flag_set/imm 4, 0;
    %store/vec4 v0x5558949fba20_0, 4, 8;
T_2.14 ;
    %load/vec4 v0x5558949be8f0_0;
    %cmpi/e 3, 0, 32;
    %jmp/0xz  T_2.16, 4;
    %load/vec4 v0x5558949bf280_0;
    %ix/load 4, 8, 0;
    %flag_set/imm 4, 0;
    %store/vec4 v0x5558949fba20_0, 4, 8;
T_2.16 ;
    %load/vec4 v0x5558949be8f0_0;
    %cmpi/e 4, 0, 32;
    %jmp/0xz  T_2.18, 4;
    %load/vec4 v0x5558949bf280_0;
    %ix/load 4, 0, 0;
    %flag_set/imm 4, 0;
    %store/vec4 v0x5558949fba20_0, 4, 8;
T_2.18 ;
    %load/vec4 v0x5558949be8f0_0;
    %cmpi/s 4, 0, 32;
    %flag_inv 5; GE is !LT
    %jmp/0xz  T_2.20, 5;
    %ix/getv 4, v0x5558949fba20_0;
    %load/vec4a v0x5558949fb6e0, 4;
    %store/vec4 v0x5558949bf280_0, 0, 8;
    %load/vec4 v0x5558949fba20_0;
    %addi 1, 0, 24;
    %store/vec4 v0x5558949fba20_0, 0, 24;
T_2.20 ;
T_2.12 ;
    %load/vec4 v0x5558949fb960_0;
    %load/vec4 v0x5558949fbb00_0;
    %pad/u 32;
    %pushi/vec4 187, 0, 32;
    %cmp/e;
    %flag_get/vec4 4;
    %and;
    %flag_set/vec4 8;
    %jmp/0xz  T_2.22, 8;
    %load/vec4 v0x5558949be8f0_0;
    %cmpi/e 1, 0, 32;
    %jmp/0xz  T_2.24, 4;
    %pushi/vec4 2, 0, 4;
    %store/vec4 v0x5558949fb7a0_0, 0, 4;
T_2.24 ;
    %load/vec4 v0x5558949be8f0_0;
    %cmpi/e 2, 0, 32;
    %jmp/0xz  T_2.26, 4;
    %load/vec4 v0x5558949bf280_0;
    %ix/load 4, 16, 0;
    %flag_set/imm 4, 0;
    %store/vec4 v0x5558949fba20_0, 4, 8;
T_2.26 ;
    %load/vec4 v0x5558949be8f0_0;
    %cmpi/e 3, 0, 32;
    %jmp/0xz  T_2.28, 4;
    %load/vec4 v0x5558949bf280_0;
    %ix/load 4, 8, 0;
    %flag_set/imm 4, 0;
    %store/vec4 v0x5558949fba20_0, 4, 8;
T_2.28 ;
    %load/vec4 v0x5558949be8f0_0;
    %cmpi/e 4, 0, 32;
    %jmp/0xz  T_2.30, 4;
    %load/vec4 v0x5558949bf280_0;
    %ix/load 4, 0, 0;
    %flag_set/imm 4, 0;
    %store/vec4 v0x5558949fba20_0, 4, 8;
T_2.30 ;
    %load/vec4 v0x5558949be8f0_0;
    %cmpi/e 5, 0, 32;
    %jmp/0xz  T_2.32, 4;
    %load/vec4 v0x5558949bf280_0;
    %cmpi/e 165, 0, 8;
    %flag_mov 8, 4;
    %jmp/0 T_2.34, 8;
    %load/vec4 v0x5558949fbb00_0;
    %jmp/1 T_2.35, 8;
T_2.34 ; End of true expr.
    %pushi/vec4 0, 0, 8;
    %jmp/0 T_2.35, 8;
 ; End of false expr.
    %blend;
T_2.35;
    %store/vec4 v0x5558949fbe60_0, 0, 8;
    %pushi/vec4 3, 0, 4;
    %store/vec4 v0x5558949fb7a0_0, 0, 4;
    %pushi/vec4 8, 0, 32;
    %store/vec4 v0x5558949fa920_0, 0, 32;
T_2.32 ;
    %load/vec4 v0x5558949be8f0_0;
    %cmpi/s 5, 0, 32;
    %flag_inv 5; GE is !LT
    %jmp/0xz  T_2.36, 5;
    %ix/getv 4, v0x5558949fba20_0;
    %load/vec4a v0x5558949fb6e0, 4;
    %store/vec4 v0x5558949bf280_0, 0, 8;
    %load/vec4 v0x5558949fba20_0;
    %addi 1, 0, 24;
    %store/vec4 v0x5558949fba20_0, 0, 24;
T_2.36 ;
T_2.22 ;
    %load/vec4 v0x5558949fb960_0;
    %load/vec4 v0x5558949fbb00_0;
    %pad/u 32;
    %pushi/vec4 235, 0, 32;
    %cmp/e;
    %flag_get/vec4 4;
    %and;
    %flag_set/vec4 8;
    %jmp/0xz  T_2.38, 8;
    %load/vec4 v0x5558949be8f0_0;
    %cmpi/e 1, 0, 32;
    %jmp/0xz  T_2.40, 4;
    %pushi/vec4 4, 0, 4;
    %store/vec4 v0x5558949fb7a0_0, 0, 4;
T_2.40 ;
    %load/vec4 v0x5558949be8f0_0;
    %cmpi/e 2, 0, 32;
    %jmp/0xz  T_2.42, 4;
    %load/vec4 v0x5558949bf280_0;
    %ix/load 4, 16, 0;
    %flag_set/imm 4, 0;
    %store/vec4 v0x5558949fba20_0, 4, 8;
T_2.42 ;
    %load/vec4 v0x5558949be8f0_0;
    %cmpi/e 3, 0, 32;
    %jmp/0xz  T_2.44, 4;
    %load/vec4 v0x5558949bf280_0;
    %ix/load 4, 8, 0;
    %flag_set/imm 4, 0;
    %store/vec4 v0x5558949fba20_0, 4, 8;
T_2.44 ;
    %load/vec4 v0x5558949be8f0_0;
    %cmpi/e 4, 0, 32;
    %jmp/0xz  T_2.46, 4;
    %load/vec4 v0x5558949bf280_0;
    %ix/load 4, 0, 0;
    %flag_set/imm 4, 0;
    %store/vec4 v0x5558949fba20_0, 4, 8;
T_2.46 ;
    %load/vec4 v0x5558949be8f0_0;
    %cmpi/e 5, 0, 32;
    %jmp/0xz  T_2.48, 4;
    %load/vec4 v0x5558949bf280_0;
    %cmpi/e 165, 0, 8;
    %flag_mov 8, 4;
    %jmp/0 T_2.50, 8;
    %load/vec4 v0x5558949fbb00_0;
    %jmp/1 T_2.51, 8;
T_2.50 ; End of true expr.
    %pushi/vec4 0, 0, 8;
    %jmp/0 T_2.51, 8;
 ; End of false expr.
    %blend;
T_2.51;
    %store/vec4 v0x5558949fbe60_0, 0, 8;
    %pushi/vec4 5, 0, 4;
    %store/vec4 v0x5558949fb7a0_0, 0, 4;
    %pushi/vec4 8, 0, 32;
    %store/vec4 v0x5558949fa920_0, 0, 32;
T_2.48 ;
    %load/vec4 v0x5558949be8f0_0;
    %cmpi/s 5, 0, 32;
    %flag_inv 5; GE is !LT
    %jmp/0xz  T_2.52, 5;
    %ix/getv 4, v0x5558949fba20_0;
    %load/vec4a v0x5558949fb6e0, 4;
    %store/vec4 v0x5558949bf280_0, 0, 8;
    %load/vec4 v0x5558949fba20_0;
    %addi 1, 0, 24;
    %store/vec4 v0x5558949fba20_0, 0, 24;
T_2.52 ;
T_2.38 ;
    %load/vec4 v0x5558949fb960_0;
    %load/vec4 v0x5558949fbb00_0;
    %pad/u 32;
    %pushi/vec4 237, 0, 32;
    %cmp/e;
    %flag_get/vec4 4;
    %and;
    %flag_set/vec4 8;
    %jmp/0xz  T_2.54, 8;
    %load/vec4 v0x5558949be8f0_0;
    %cmpi/e 1, 0, 32;
    %jmp/0xz  T_2.56, 4;
    %pushi/vec4 6, 0, 4;
    %store/vec4 v0x5558949fb880_0, 0, 4;
T_2.56 ;
    %load/vec4 v0x5558949be8f0_0;
    %cmpi/e 2, 0, 32;
    %jmp/0xz  T_2.58, 4;
    %load/vec4 v0x5558949bf280_0;
    %ix/load 4, 16, 0;
    %flag_set/imm 4, 0;
    %store/vec4 v0x5558949fba20_0, 4, 8;
T_2.58 ;
    %load/vec4 v0x5558949be8f0_0;
    %cmpi/e 3, 0, 32;
    %jmp/0xz  T_2.60, 4;
    %load/vec4 v0x5558949bf280_0;
    %ix/load 4, 8, 0;
    %flag_set/imm 4, 0;
    %store/vec4 v0x5558949fba20_0, 4, 8;
T_2.60 ;
    %load/vec4 v0x5558949be8f0_0;
    %cmpi/e 4, 0, 32;
    %jmp/0xz  T_2.62, 4;
    %load/vec4 v0x5558949bf280_0;
    %ix/load 4, 0, 0;
    %flag_set/imm 4, 0;
    %store/vec4 v0x5558949fba20_0, 4, 8;
T_2.62 ;
    %load/vec4 v0x5558949be8f0_0;
    %cmpi/e 5, 0, 32;
    %jmp/0xz  T_2.64, 4;
    %load/vec4 v0x5558949bf280_0;
    %cmpi/e 165, 0, 8;
    %flag_mov 8, 4;
    %jmp/0 T_2.66, 8;
    %load/vec4 v0x5558949fbb00_0;
    %jmp/1 T_2.67, 8;
T_2.66 ; End of true expr.
    %pushi/vec4 0, 0, 8;
    %jmp/0 T_2.67, 8;
 ; End of false expr.
    %blend;
T_2.67;
    %store/vec4 v0x5558949fbe60_0, 0, 8;
    %pushi/vec4 7, 0, 4;
    %store/vec4 v0x5558949fb7a0_0, 0, 4;
    %pushi/vec4 8, 0, 32;
    %store/vec4 v0x5558949fa920_0, 0, 32;
T_2.64 ;
    %load/vec4 v0x5558949be8f0_0;
    %cmpi/s 5, 0, 32;
    %flag_inv 5; GE is !LT
    %jmp/0xz  T_2.68, 5;
    %ix/getv 4, v0x5558949fba20_0;
    %load/vec4a v0x5558949fb6e0, 4;
    %store/vec4 v0x5558949bf280_0, 0, 8;
    %load/vec4 v0x5558949fba20_0;
    %addi 1, 0, 24;
    %store/vec4 v0x5558949fba20_0, 0, 24;
T_2.68 ;
T_2.54 ;
    %load/vec4 v0x5558949bf280_0;
    %store/vec4 v0x5558949fbd80_0, 0, 8;
    %pushi/vec4 1, 0, 1;
    %store/vec4 v0x5558949fbcc0_0, 0, 1;
    %end;
S_0x5558949fc000 .scope module, "uut" "MappedSPIFlash" 2 16, 4 3 0, S_0x5558949c67b0;
 .timescale -9 -12;
    .port_info 0 /INPUT 1 "clk";
    .port_info 1 /INPUT 1 "rstrb";
    .port_info 2 /INPUT 20 "word_address";
    .port_info 3 /OUTPUT 32 "rdata";
    .port_info 4 /OUTPUT 1 "rbusy";
    .port_info 5 /OUTPUT 1 "CLK";
    .port_info 6 /OUTPUT 1 "CS_N";
    .port_info 7 /OUTPUT 1 "MOSI";
    .port_info 8 /INPUT 1 "MISO";
L_0x5558949dbc40 .functor OR 1, L_0x555894a0e430, L_0x555894a0e6f0, C4<0>, C4<0>;
L_0x5558949dbfc0 .functor AND 1, L_0x555894a0eb00, L_0x555894a0eba0, C4<1>, C4<1>;
v0x5558949fc200_0 .net "CLK", 0 0, L_0x5558949dbfc0;  alias, 1 drivers
v0x5558949fc2f0_0 .var "CS_N", 0 0;
v0x5558949fc3c0_0 .net "MISO", 0 0, L_0x555894a0f260;  alias, 1 drivers
v0x5558949fc4c0_0 .net "MOSI", 0 0, L_0x555894a0ea20;  alias, 1 drivers
v0x5558949fc590_0 .net *"_ivl_0", 31 0, L_0x5558949fe2c0;  1 drivers
L_0x7fd93ed080a8 .functor BUFT 1, C4<00000000000000000000000000>, C4<0>, C4<0>, C4<0>;
v0x5558949fc680_0 .net *"_ivl_11", 25 0, L_0x7fd93ed080a8;  1 drivers
L_0x7fd93ed080f0 .functor BUFT 1, C4<00000000000000000000000000000000>, C4<0>, C4<0>, C4<0>;
v0x5558949fc720_0 .net/2u *"_ivl_12", 31 0, L_0x7fd93ed080f0;  1 drivers
v0x5558949fc7e0_0 .net *"_ivl_23", 0 0, L_0x555894a0eb00;  1 drivers
v0x5558949fc8a0_0 .net *"_ivl_25", 0 0, L_0x555894a0eba0;  1 drivers
v0x5558949fc960_0 .net *"_ivl_29", 7 0, L_0x555894a0ed30;  1 drivers
L_0x7fd93ed08018 .functor BUFT 1, C4<00000000000000000000000000>, C4<0>, C4<0>, C4<0>;
v0x5558949fca40_0 .net *"_ivl_3", 25 0, L_0x7fd93ed08018;  1 drivers
v0x5558949fcb20_0 .net *"_ivl_31", 7 0, L_0x555894a0edd0;  1 drivers
v0x5558949fcc00_0 .net *"_ivl_33", 7 0, L_0x555894a0ef20;  1 drivers
v0x5558949fcce0_0 .net *"_ivl_35", 7 0, L_0x555894a0efc0;  1 drivers
L_0x7fd93ed08060 .functor BUFT 1, C4<00000000000000000000000000000000>, C4<0>, C4<0>, C4<0>;
v0x5558949fcdc0_0 .net/2u *"_ivl_4", 31 0, L_0x7fd93ed08060;  1 drivers
v0x5558949fcea0_0 .net *"_ivl_8", 31 0, L_0x555894a0e5a0;  1 drivers
v0x5558949fcf80_0 .net "busy", 0 0, L_0x5558949dbc40;  1 drivers
v0x5558949fd040_0 .net "clk", 0 0, v0x5558949fde10_0;  1 drivers
v0x5558949fd100_0 .var "cmd_addr", 31 0;
v0x5558949fd1e0_0 .net "rbusy", 0 0, L_0x555894a0e930;  alias, 1 drivers
v0x5558949fd2a0_0 .var "rcv_bitcount", 5 0;
v0x5558949fd380_0 .var "rcv_data", 31 0;
v0x5558949fd460_0 .net "rdata", 31 0, L_0x555894a0f0d0;  alias, 1 drivers
v0x5558949fd540_0 .net "receiving", 0 0, L_0x555894a0e6f0;  1 drivers
v0x5558949fd600_0 .net "rstrb", 0 0, v0x5558949fe180_0;  1 drivers
v0x5558949fd6c0_0 .net "sending", 0 0, L_0x555894a0e430;  1 drivers
v0x5558949fd780_0 .var "snd_bitcount", 5 0;
v0x5558949fd860_0 .net "word_address", 19 0, v0x5558949fe220_0;  1 drivers
E_0x5558949ddc10 .event negedge, v0x5558949fd040_0;
L_0x5558949fe2c0 .concat [ 6 26 0 0], v0x5558949fd780_0, L_0x7fd93ed08018;
L_0x555894a0e430 .cmp/ne 32, L_0x5558949fe2c0, L_0x7fd93ed08060;
L_0x555894a0e5a0 .concat [ 6 26 0 0], v0x5558949fd2a0_0, L_0x7fd93ed080a8;
L_0x555894a0e6f0 .cmp/ne 32, L_0x555894a0e5a0, L_0x7fd93ed080f0;
L_0x555894a0e930 .reduce/nor v0x5558949fc2f0_0;
L_0x555894a0ea20 .part v0x5558949fd100_0, 31, 1;
L_0x555894a0eb00 .reduce/nor v0x5558949fc2f0_0;
L_0x555894a0eba0 .reduce/nor v0x5558949fde10_0;
L_0x555894a0ed30 .part v0x5558949fd380_0, 0, 8;
L_0x555894a0edd0 .part v0x5558949fd380_0, 8, 8;
L_0x555894a0ef20 .part v0x5558949fd380_0, 16, 8;
L_0x555894a0efc0 .part v0x5558949fd380_0, 24, 8;
L_0x555894a0f0d0 .concat [ 8 8 8 8], L_0x555894a0efc0, L_0x555894a0ef20, L_0x555894a0edd0, L_0x555894a0ed30;
    .scope S_0x5558949fc000;
T_3 ;
    %pushi/vec4 1, 0, 1;
    %store/vec4 v0x5558949fc2f0_0, 0, 1;
    %end;
    .thread T_3;
    .scope S_0x5558949fc000;
T_4 ;
    %wait E_0x5558949ddc10;
    %load/vec4 v0x5558949fd600_0;
    %flag_set/vec4 8;
    %jmp/0xz  T_4.0, 8;
    %pushi/vec4 0, 0, 1;
    %assign/vec4 v0x5558949fc2f0_0, 0;
    %pushi/vec4 3, 0, 8;
    %concati/vec4 0, 0, 2;
    %load/vec4 v0x5558949fd860_0;
    %concat/vec4; draw_concat_vec4
    %concati/vec4 0, 0, 2;
    %assign/vec4 v0x5558949fd100_0, 0;
    %pushi/vec4 32, 0, 6;
    %assign/vec4 v0x5558949fd780_0, 0;
    %jmp T_4.1;
T_4.0 ;
    %load/vec4 v0x5558949fd6c0_0;
    %flag_set/vec4 8;
    %jmp/0xz  T_4.2, 8;
    %load/vec4 v0x5558949fd780_0;
    %pad/u 32;
    %cmpi/e 1, 0, 32;
    %jmp/0xz  T_4.4, 4;
    %pushi/vec4 32, 0, 6;
    %assign/vec4 v0x5558949fd2a0_0, 0;
T_4.4 ;
    %load/vec4 v0x5558949fd780_0;
    %subi 1, 0, 6;
    %assign/vec4 v0x5558949fd780_0, 0;
    %load/vec4 v0x5558949fd100_0;
    %parti/s 31, 0, 2;
    %concati/vec4 1, 0, 1;
    %assign/vec4 v0x5558949fd100_0, 0;
T_4.2 ;
    %load/vec4 v0x5558949fd540_0;
    %flag_set/vec4 8;
    %jmp/0xz  T_4.6, 8;
    %load/vec4 v0x5558949fd2a0_0;
    %subi 1, 0, 6;
    %assign/vec4 v0x5558949fd2a0_0, 0;
    %load/vec4 v0x5558949fd380_0;
    %parti/s 31, 0, 2;
    %load/vec4 v0x5558949fc3c0_0;
    %concat/vec4; draw_concat_vec4
    %assign/vec4 v0x5558949fd380_0, 0;
T_4.6 ;
    %load/vec4 v0x5558949fcf80_0;
    %nor/r;
    %flag_set/vec4 8;
    %jmp/0xz  T_4.8, 8;
    %pushi/vec4 1, 0, 1;
    %assign/vec4 v0x5558949fc2f0_0, 0;
T_4.8 ;
T_4.1 ;
    %jmp T_4;
    .thread T_4;
    .scope S_0x555894989f20;
T_5 ;
    %pushi/vec4 0, 0, 32;
    %store/vec4 v0x5558949bfca0_0, 0, 32;
    %pushi/vec4 0, 0, 32;
    %store/vec4 v0x5558949be8f0_0, 0, 32;
    %pushi/vec4 0, 0, 32;
    %store/vec4 v0x5558949fa920_0, 0, 32;
    %pushi/vec4 0, 0, 8;
    %store/vec4 v0x5558949fbe60_0, 0, 8;
    %pushi/vec4 1, 0, 1;
    %store/vec4 v0x5558949fb960_0, 0, 1;
    %pushi/vec4 0, 0, 4;
    %store/vec4 v0x5558949fb7a0_0, 0, 4;
    %pushi/vec4 0, 0, 4;
    %store/vec4 v0x5558949fb880_0, 0, 4;
    %pushi/vec4 0, 0, 1;
    %store/vec4 v0x5558949fad20_0, 0, 1;
    %pushi/vec4 0, 0, 1;
    %store/vec4 v0x5558949fb020_0, 0, 1;
    %pushi/vec4 0, 0, 1;
    %store/vec4 v0x5558949fb320_0, 0, 1;
    %pushi/vec4 0, 0, 1;
    %store/vec4 v0x5558949fb620_0, 0, 1;
    %pushi/vec4 0, 0, 1;
    %store/vec4 v0x5558949fac60_0, 0, 1;
    %pushi/vec4 0, 0, 1;
    %store/vec4 v0x5558949faf60_0, 0, 1;
    %pushi/vec4 0, 0, 1;
    %store/vec4 v0x5558949fb260_0, 0, 1;
    %pushi/vec4 0, 0, 1;
    %store/vec4 v0x5558949fb560_0, 0, 1;
    %end;
    .thread T_5;
    .scope S_0x555894989f20;
T_6 ;
    %vpi_func 3 106 "$value$plusargs" 32, "firmware=%s", v0x5558949faa00_0 {0 0 0};
    %nor/r;
    %flag_set/vec4 8;
    %jmp/0xz  T_6.0, 8;
    %pushi/vec4 0, 0, 32; draw_string_vec4
    %pushi/vec4 0, 0, 32; draw_string_vec4
    %concat/vec4; draw_string_vec4
    %pushi/vec4 0, 0, 32; draw_string_vec4
    %concat/vec4; draw_string_vec4
    %pushi/vec4 0, 0, 32; draw_string_vec4
    %concat/vec4; draw_string_vec4
    %pushi/vec4 0, 0, 32; draw_string_vec4
    %concat/vec4; draw_string_vec4
    %pushi/vec4 0, 0, 32; draw_string_vec4
    %concat/vec4; draw_string_vec4
    %pushi/vec4 0, 0, 32; draw_string_vec4
    %concat/vec4; draw_string_vec4
    %pushi/vec4 0, 0, 32; draw_string_vec4
    %concat/vec4; draw_string_vec4
    %pushi/vec4 0, 0, 32; draw_string_vec4
    %concat/vec4; draw_string_vec4
    %pushi/vec4 0, 0, 32; draw_string_vec4
    %concat/vec4; draw_string_vec4
    %pushi/vec4 0, 0, 32; draw_string_vec4
    %concat/vec4; draw_string_vec4
    %pushi/vec4 0, 0, 32; draw_string_vec4
    %concat/vec4; draw_string_vec4
    %pushi/vec4 0, 0, 32; draw_string_vec4
    %concat/vec4; draw_string_vec4
    %pushi/vec4 0, 0, 32; draw_string_vec4
    %concat/vec4; draw_string_vec4
    %pushi/vec4 0, 0, 32; draw_string_vec4
    %concat/vec4; draw_string_vec4
    %pushi/vec4 0, 0, 32; draw_string_vec4
    %concat/vec4; draw_string_vec4
    %pushi/vec4 0, 0, 32; draw_string_vec4
    %concat/vec4; draw_string_vec4
    %pushi/vec4 0, 0, 32; draw_string_vec4
    %concat/vec4; draw_string_vec4
    %pushi/vec4 0, 0, 32; draw_string_vec4
    %concat/vec4; draw_string_vec4
    %pushi/vec4 0, 0, 32; draw_string_vec4
    %concat/vec4; draw_string_vec4
    %pushi/vec4 0, 0, 32; draw_string_vec4
    %concat/vec4; draw_string_vec4
    %pushi/vec4 0, 0, 32; draw_string_vec4
    %concat/vec4; draw_string_vec4
    %pushi/vec4 0, 0, 32; draw_string_vec4
    %concat/vec4; draw_string_vec4
    %pushi/vec4 0, 0, 32; draw_string_vec4
    %concat/vec4; draw_string_vec4
    %pushi/vec4 0, 0, 32; draw_string_vec4
    %concat/vec4; draw_string_vec4
    %pushi/vec4 0, 0, 32; draw_string_vec4
    %concat/vec4; draw_string_vec4
    %pushi/vec4 0, 0, 32; draw_string_vec4
    %concat/vec4; draw_string_vec4
    %pushi/vec4 26217, 0, 32; draw_string_vec4
    %concat/vec4; draw_string_vec4
    %pushi/vec4 1919776609, 0, 32; draw_string_vec4
    %concat/vec4; draw_string_vec4
    %pushi/vec4 1919246182, 0, 32; draw_string_vec4
    %concat/vec4; draw_string_vec4
    %pushi/vec4 1818325864, 0, 32; draw_string_vec4
    %concat/vec4; draw_string_vec4
    %pushi/vec4 778593656, 0, 32; draw_string_vec4
    %concat/vec4; draw_string_vec4
    %store/vec4 v0x5558949faa00_0, 0, 1024;
T_6.0 ;
    %vpi_call 3 108 "$readmemh", v0x5558949faa00_0, v0x5558949fb6e0 {0 0 0};
    %end;
    .thread T_6;
    .scope S_0x555894989f20;
T_7 ;
    %wait E_0x5558949dd8b0;
    %load/vec4 v0x5558949fa860_0;
    %flag_set/vec4 8;
    %jmp/0xz  T_7.0, 8;
    %pushi/vec4 0, 0, 8;
    %store/vec4 v0x5558949bf280_0, 0, 8;
    %pushi/vec4 0, 0, 32;
    %store/vec4 v0x5558949bfca0_0, 0, 32;
    %pushi/vec4 0, 0, 32;
    %store/vec4 v0x5558949be8f0_0, 0, 32;
    %pushi/vec4 1, 0, 4;
    %store/vec4 v0x5558949fb7a0_0, 0, 4;
    %pushi/vec4 0, 0, 1;
    %store/vec4 v0x5558949fad20_0, 0, 1;
    %pushi/vec4 1, 0, 1;
    %store/vec4 v0x5558949fb020_0, 0, 1;
    %pushi/vec4 0, 0, 1;
    %store/vec4 v0x5558949fb320_0, 0, 1;
    %pushi/vec4 0, 0, 1;
    %store/vec4 v0x5558949fb620_0, 0, 1;
    %jmp T_7.1;
T_7.0 ;
    %load/vec4 v0x5558949fbe60_0;
    %cmpi/ne 0, 0, 8;
    %jmp/0xz  T_7.2, 4;
    %load/vec4 v0x5558949fbe60_0;
    %store/vec4 v0x5558949bf280_0, 0, 8;
    %pushi/vec4 0, 0, 32;
    %store/vec4 v0x5558949bfca0_0, 0, 32;
    %pushi/vec4 1, 0, 32;
    %store/vec4 v0x5558949be8f0_0, 0, 32;
    %fork TD_MappedSPIFlash_TB.flash0.spi_action, S_0x5558949ddf30;
    %join;
T_7.2 ;
T_7.1 ;
    %jmp T_7;
    .thread T_7, $push;
    .scope S_0x555894989f20;
T_8 ;
    %wait E_0x5558949dd930;
    %pushi/vec4 0, 0, 1;
    %store/vec4 v0x5558949fbcc0_0, 0, 1;
    %load/vec4 v0x5558949fa860_0;
    %nor/r;
    %load/vec4 v0x5558949fa7a0_0;
    %nor/r;
    %and;
    %flag_set/vec4 8;
    %jmp/0xz  T_8.0, 8;
    %load/vec4 v0x5558949fa920_0;
    %cmpi/s 0, 0, 32;
    %flag_or 5, 4; GT is !LE
    %flag_inv 5;
    %jmp/0xz  T_8.2, 5;
    %pushi/vec4 0, 0, 1;
    %store/vec4 v0x5558949fad20_0, 0, 1;
    %pushi/vec4 1, 0, 1;
    %store/vec4 v0x5558949fb020_0, 0, 1;
    %pushi/vec4 0, 0, 1;
    %store/vec4 v0x5558949fb320_0, 0, 1;
    %pushi/vec4 0, 0, 1;
    %store/vec4 v0x5558949fb620_0, 0, 1;
    %jmp T_8.3;
T_8.2 ;
    %load/vec4 v0x5558949fb7a0_0;
    %dup/vec4;
    %pushi/vec4 1, 0, 4;
    %cmp/u;
    %jmp/1 T_8.4, 6;
    %dup/vec4;
    %pushi/vec4 2, 0, 4;
    %cmp/u;
    %jmp/1 T_8.5, 6;
    %dup/vec4;
    %pushi/vec4 3, 0, 4;
    %cmp/u;
    %jmp/1 T_8.6, 6;
    %dup/vec4;
    %pushi/vec4 4, 0, 4;
    %cmp/u;
    %jmp/1 T_8.7, 6;
    %dup/vec4;
    %pushi/vec4 5, 0, 4;
    %cmp/u;
    %jmp/1 T_8.8, 6;
    %dup/vec4;
    %pushi/vec4 6, 0, 4;
    %cmp/u;
    %jmp/1 T_8.9, 6;
    %dup/vec4;
    %pushi/vec4 7, 0, 4;
    %cmp/u;
    %jmp/1 T_8.10, 6;
    %jmp T_8.11;
T_8.4 ;
    %pushi/vec4 0, 0, 1;
    %store/vec4 v0x5558949fad20_0, 0, 1;
    %pushi/vec4 1, 0, 1;
    %store/vec4 v0x5558949fb020_0, 0, 1;
    %pushi/vec4 0, 0, 1;
    %store/vec4 v0x5558949fb320_0, 0, 1;
    %pushi/vec4 0, 0, 1;
    %store/vec4 v0x5558949fb620_0, 0, 1;
    %load/vec4 v0x5558949bf280_0;
    %parti/s 1, 7, 4;
    %store/vec4 v0x5558949faf60_0, 0, 1;
    %jmp T_8.11;
T_8.5 ;
    %pushi/vec4 0, 0, 1;
    %store/vec4 v0x5558949fad20_0, 0, 1;
    %pushi/vec4 1, 0, 1;
    %store/vec4 v0x5558949fb020_0, 0, 1;
    %pushi/vec4 0, 0, 1;
    %store/vec4 v0x5558949fb320_0, 0, 1;
    %pushi/vec4 0, 0, 1;
    %store/vec4 v0x5558949fb620_0, 0, 1;
    %jmp T_8.11;
T_8.6 ;
    %pushi/vec4 1, 0, 1;
    %store/vec4 v0x5558949fad20_0, 0, 1;
    %pushi/vec4 1, 0, 1;
    %store/vec4 v0x5558949fb020_0, 0, 1;
    %pushi/vec4 0, 0, 1;
    %store/vec4 v0x5558949fb320_0, 0, 1;
    %pushi/vec4 0, 0, 1;
    %store/vec4 v0x5558949fb620_0, 0, 1;
    %load/vec4 v0x5558949bf280_0;
    %parti/s 1, 6, 4;
    %store/vec4 v0x5558949fac60_0, 0, 1;
    %load/vec4 v0x5558949bf280_0;
    %parti/s 1, 7, 4;
    %store/vec4 v0x5558949faf60_0, 0, 1;
    %jmp T_8.11;
T_8.7 ;
    %pushi/vec4 0, 0, 1;
    %store/vec4 v0x5558949fad20_0, 0, 1;
    %pushi/vec4 0, 0, 1;
    %store/vec4 v0x5558949fb020_0, 0, 1;
    %pushi/vec4 0, 0, 1;
    %store/vec4 v0x5558949fb320_0, 0, 1;
    %pushi/vec4 0, 0, 1;
    %store/vec4 v0x5558949fb620_0, 0, 1;
    %jmp T_8.11;
T_8.8 ;
    %pushi/vec4 1, 0, 1;
    %store/vec4 v0x5558949fad20_0, 0, 1;
    %pushi/vec4 1, 0, 1;
    %store/vec4 v0x5558949fb020_0, 0, 1;
    %pushi/vec4 1, 0, 1;
    %store/vec4 v0x5558949fb320_0, 0, 1;
    %pushi/vec4 1, 0, 1;
    %store/vec4 v0x5558949fb620_0, 0, 1;
    %load/vec4 v0x5558949bf280_0;
    %parti/s 1, 4, 4;
    %store/vec4 v0x5558949fac60_0, 0, 1;
    %load/vec4 v0x5558949bf280_0;
    %parti/s 1, 5, 4;
    %store/vec4 v0x5558949faf60_0, 0, 1;
    %load/vec4 v0x5558949bf280_0;
    %parti/s 1, 6, 4;
    %store/vec4 v0x5558949fb260_0, 0, 1;
    %load/vec4 v0x5558949bf280_0;
    %parti/s 1, 7, 4;
    %store/vec4 v0x5558949fb560_0, 0, 1;
    %jmp T_8.11;
T_8.9 ;
    %fork TD_MappedSPIFlash_TB.flash0.ddr_rd_edge, S_0x555894981880;
    %join;
    %jmp T_8.11;
T_8.10 ;
    %fork TD_MappedSPIFlash_TB.flash0.ddr_wr_edge, S_0x555894981a60;
    %join;
    %jmp T_8.11;
T_8.11 ;
    %pop/vec4 1;
T_8.3 ;
    %load/vec4 v0x5558949fb880_0;
    %cmpi/ne 0, 0, 4;
    %jmp/0xz  T_8.12, 4;
    %load/vec4 v0x5558949fb880_0;
    %dup/vec4;
    %pushi/vec4 6, 0, 4;
    %cmp/u;
    %jmp/1 T_8.14, 6;
    %dup/vec4;
    %pushi/vec4 7, 0, 4;
    %cmp/u;
    %jmp/1 T_8.15, 6;
    %jmp T_8.16;
T_8.14 ;
    %pushi/vec4 0, 0, 1;
    %store/vec4 v0x5558949fad20_0, 0, 1;
    %pushi/vec4 0, 0, 1;
    %store/vec4 v0x5558949fb020_0, 0, 1;
    %pushi/vec4 0, 0, 1;
    %store/vec4 v0x5558949fb320_0, 0, 1;
    %pushi/vec4 0, 0, 1;
    %store/vec4 v0x5558949fb620_0, 0, 1;
    %jmp T_8.16;
T_8.15 ;
    %pushi/vec4 1, 0, 1;
    %store/vec4 v0x5558949fad20_0, 0, 1;
    %pushi/vec4 1, 0, 1;
    %store/vec4 v0x5558949fb020_0, 0, 1;
    %pushi/vec4 1, 0, 1;
    %store/vec4 v0x5558949fb320_0, 0, 1;
    %pushi/vec4 1, 0, 1;
    %store/vec4 v0x5558949fb620_0, 0, 1;
    %load/vec4 v0x5558949bf280_0;
    %parti/s 1, 4, 4;
    %store/vec4 v0x5558949fac60_0, 0, 1;
    %load/vec4 v0x5558949bf280_0;
    %parti/s 1, 5, 4;
    %store/vec4 v0x5558949faf60_0, 0, 1;
    %load/vec4 v0x5558949bf280_0;
    %parti/s 1, 6, 4;
    %store/vec4 v0x5558949fb260_0, 0, 1;
    %load/vec4 v0x5558949bf280_0;
    %parti/s 1, 7, 4;
    %store/vec4 v0x5558949fb560_0, 0, 1;
    %jmp T_8.16;
T_8.16 ;
    %pop/vec4 1;
    %load/vec4 v0x5558949fb880_0;
    %store/vec4 v0x5558949fb7a0_0, 0, 4;
    %pushi/vec4 0, 0, 4;
    %store/vec4 v0x5558949fb880_0, 0, 4;
T_8.12 ;
T_8.0 ;
    %jmp T_8;
    .thread T_8, $push;
    .scope S_0x555894989f20;
T_9 ;
    %wait E_0x5558949ddbd0;
    %load/vec4 v0x5558949fa860_0;
    %nor/r;
    %flag_set/vec4 8;
    %jmp/0xz  T_9.0, 8;
    %load/vec4 v0x5558949fa920_0;
    %cmpi/s 0, 0, 32;
    %flag_or 5, 4; GT is !LE
    %flag_inv 5;
    %jmp/0xz  T_9.2, 5;
    %load/vec4 v0x5558949fa920_0;
    %subi 1, 0, 32;
    %store/vec4 v0x5558949fa920_0, 0, 32;
    %jmp T_9.3;
T_9.2 ;
    %load/vec4 v0x5558949fb7a0_0;
    %dup/vec4;
    %pushi/vec4 1, 0, 4;
    %cmp/u;
    %jmp/1 T_9.4, 6;
    %dup/vec4;
    %pushi/vec4 2, 0, 4;
    %cmp/u;
    %jmp/1 T_9.5, 6;
    %dup/vec4;
    %pushi/vec4 3, 0, 4;
    %cmp/u;
    %jmp/1 T_9.6, 6;
    %dup/vec4;
    %pushi/vec4 4, 0, 4;
    %cmp/u;
    %jmp/1 T_9.7, 6;
    %dup/vec4;
    %pushi/vec4 5, 0, 4;
    %cmp/u;
    %jmp/1 T_9.8, 6;
    %dup/vec4;
    %pushi/vec4 6, 0, 4;
    %cmp/u;
    %jmp/1 T_9.9, 6;
    %dup/vec4;
    %pushi/vec4 7, 0, 4;
    %cmp/u;
    %jmp/1 T_9.10, 6;
    %jmp T_9.11;
T_9.4 ;
    %load/vec4 v0x5558949bf280_0;
    %load/vec4 v0x5558949faae0_0;
    %concat/vec4; draw_concat_vec4
    %pad/u 8;
    %store/vec4 v0x5558949bf280_0, 0, 8;
    %load/vec4 v0x5558949bfca0_0;
    %addi 1, 0, 32;
    %store/vec4 v0x5558949bfca0_0, 0, 32;
    %load/vec4 v0x5558949bfca0_0;
    %cmpi/e 8, 0, 32;
    %jmp/0xz  T_9.12, 4;
    %pushi/vec4 0, 0, 32;
    %store/vec4 v0x5558949bfca0_0, 0, 32;
    %load/vec4 v0x5558949be8f0_0;
    %addi 1, 0, 32;
    %store/vec4 v0x5558949be8f0_0, 0, 32;
    %fork TD_MappedSPIFlash_TB.flash0.spi_action, S_0x5558949ddf30;
    %join;
T_9.12 ;
    %jmp T_9.11;
T_9.5 ;
    %load/vec4 v0x5558949bf280_0;
    %load/vec4 v0x5558949fade0_0;
    %concat/vec4; draw_concat_vec4
    %load/vec4 v0x5558949faae0_0;
    %concat/vec4; draw_concat_vec4
    %pad/u 8;
    %store/vec4 v0x5558949bf280_0, 0, 8;
    %load/vec4 v0x5558949bfca0_0;
    %addi 2, 0, 32;
    %store/vec4 v0x5558949bfca0_0, 0, 32;
    %load/vec4 v0x5558949bfca0_0;
    %cmpi/e 8, 0, 32;
    %jmp/0xz  T_9.14, 4;
    %pushi/vec4 0, 0, 32;
    %store/vec4 v0x5558949bfca0_0, 0, 32;
    %load/vec4 v0x5558949be8f0_0;
    %addi 1, 0, 32;
    %store/vec4 v0x5558949be8f0_0, 0, 32;
    %fork TD_MappedSPIFlash_TB.flash0.spi_action, S_0x5558949ddf30;
    %join;
T_9.14 ;
    %jmp T_9.11;
T_9.6 ;
    %load/vec4 v0x5558949bf280_0;
    %load/vec4 v0x5558949fade0_0;
    %concat/vec4; draw_concat_vec4
    %load/vec4 v0x5558949faae0_0;
    %concat/vec4; draw_concat_vec4
    %pad/u 8;
    %store/vec4 v0x5558949bf280_0, 0, 8;
    %load/vec4 v0x5558949bfca0_0;
    %addi 2, 0, 32;
    %store/vec4 v0x5558949bfca0_0, 0, 32;
    %load/vec4 v0x5558949bfca0_0;
    %cmpi/e 8, 0, 32;
    %jmp/0xz  T_9.16, 4;
    %pushi/vec4 0, 0, 32;
    %store/vec4 v0x5558949bfca0_0, 0, 32;
    %load/vec4 v0x5558949be8f0_0;
    %addi 1, 0, 32;
    %store/vec4 v0x5558949be8f0_0, 0, 32;
    %fork TD_MappedSPIFlash_TB.flash0.spi_action, S_0x5558949ddf30;
    %join;
T_9.16 ;
    %jmp T_9.11;
T_9.7 ;
    %load/vec4 v0x5558949bf280_0;
    %load/vec4 v0x5558949fb3e0_0;
    %concat/vec4; draw_concat_vec4
    %load/vec4 v0x5558949fb0e0_0;
    %concat/vec4; draw_concat_vec4
    %load/vec4 v0x5558949fade0_0;
    %concat/vec4; draw_concat_vec4
    %load/vec4 v0x5558949faae0_0;
    %concat/vec4; draw_concat_vec4
    %pad/u 8;
    %store/vec4 v0x5558949bf280_0, 0, 8;
    %load/vec4 v0x5558949bfca0_0;
    %addi 4, 0, 32;
    %store/vec4 v0x5558949bfca0_0, 0, 32;
    %load/vec4 v0x5558949bfca0_0;
    %cmpi/e 8, 0, 32;
    %jmp/0xz  T_9.18, 4;
    %pushi/vec4 0, 0, 32;
    %store/vec4 v0x5558949bfca0_0, 0, 32;
    %load/vec4 v0x5558949be8f0_0;
    %addi 1, 0, 32;
    %store/vec4 v0x5558949be8f0_0, 0, 32;
    %fork TD_MappedSPIFlash_TB.flash0.spi_action, S_0x5558949ddf30;
    %join;
T_9.18 ;
    %jmp T_9.11;
T_9.8 ;
    %load/vec4 v0x5558949bf280_0;
    %load/vec4 v0x5558949fb3e0_0;
    %concat/vec4; draw_concat_vec4
    %load/vec4 v0x5558949fb0e0_0;
    %concat/vec4; draw_concat_vec4
    %load/vec4 v0x5558949fade0_0;
    %concat/vec4; draw_concat_vec4
    %load/vec4 v0x5558949faae0_0;
    %concat/vec4; draw_concat_vec4
    %pad/u 8;
    %store/vec4 v0x5558949bf280_0, 0, 8;
    %load/vec4 v0x5558949bfca0_0;
    %addi 4, 0, 32;
    %store/vec4 v0x5558949bfca0_0, 0, 32;
    %load/vec4 v0x5558949bfca0_0;
    %cmpi/e 8, 0, 32;
    %jmp/0xz  T_9.20, 4;
    %pushi/vec4 0, 0, 32;
    %store/vec4 v0x5558949bfca0_0, 0, 32;
    %load/vec4 v0x5558949be8f0_0;
    %addi 1, 0, 32;
    %store/vec4 v0x5558949be8f0_0, 0, 32;
    %fork TD_MappedSPIFlash_TB.flash0.spi_action, S_0x5558949ddf30;
    %join;
T_9.20 ;
    %jmp T_9.11;
T_9.9 ;
    %fork TD_MappedSPIFlash_TB.flash0.ddr_rd_edge, S_0x555894981880;
    %join;
    %jmp T_9.11;
T_9.10 ;
    %fork TD_MappedSPIFlash_TB.flash0.ddr_wr_edge, S_0x555894981a60;
    %join;
    %jmp T_9.11;
T_9.11 ;
    %pop/vec4 1;
T_9.3 ;
T_9.0 ;
    %jmp T_9;
    .thread T_9;
    .scope S_0x5558949c67b0;
T_10 ;
    %pushi/vec4 0, 0, 1;
    %store/vec4 v0x5558949fde10_0, 0, 1;
    %pushi/vec4 1, 0, 1;
    %store/vec4 v0x5558949fe0e0_0, 0, 1;
    %pushi/vec4 0, 0, 1;
    %store/vec4 v0x5558949fe180_0, 0, 1;
    %pushi/vec4 0, 0, 20;
    %store/vec4 v0x5558949fe220_0, 0, 20;
    %end;
    .thread T_10;
    .scope S_0x5558949c67b0;
T_11 ;
    %delay 0, 0;
T_11.0 ;
    %pushi/vec4 0, 0, 1;
    %store/vec4 v0x5558949fde10_0, 0, 1;
    %delay 10000, 0;
    %pushi/vec4 1, 0, 1;
    %store/vec4 v0x5558949fde10_0, 0, 1;
    %delay 10000, 0;
    %jmp T_11.0;
    %end;
    .thread T_11;
    .scope S_0x5558949c67b0;
T_12 ;
    %pushi/vec4 3, 0, 32;
T_12.0 %dup/vec4;
    %pushi/vec4 0, 0, 32;
    %cmp/s;
    %jmp/1xz T_12.1, 5;
    %jmp/1 T_12.1, 4;
    %pushi/vec4 1, 0, 32;
    %sub;
    %wait E_0x5558949dda10;
    %jmp T_12.0;
T_12.1 ;
    %pop/vec4 1;
    %pushi/vec4 0, 0, 1;
    %store/vec4 v0x5558949fe0e0_0, 0, 1;
    %wait E_0x5558949dda10;
    %pushi/vec4 1, 0, 1;
    %store/vec4 v0x5558949fe0e0_0, 0, 1;
    %pushi/vec4 0, 0, 21;
    %store/vec4 v0x5558949fdf00_0, 0, 21;
T_12.2 ;
    %load/vec4 v0x5558949fdf00_0;
    %pad/u 32;
    %cmpi/u 32, 0, 32;
    %jmp/0xz T_12.3, 5;
    %wait E_0x5558949dda10;
    %pushi/vec4 0, 0, 1;
    %store/vec4 v0x5558949fe180_0, 0, 1;
    %load/vec4 v0x5558949fdf00_0;
    %pad/u 20;
    %store/vec4 v0x5558949fe220_0, 0, 20;
    %wait E_0x5558949dda10;
    %pushi/vec4 1, 0, 1;
    %store/vec4 v0x5558949fe180_0, 0, 1;
    %wait E_0x5558949dda10;
    %pushi/vec4 0, 0, 1;
    %store/vec4 v0x5558949fe180_0, 0, 1;
    %pushi/vec4 500, 0, 32;
T_12.4 %dup/vec4;
    %pushi/vec4 0, 0, 32;
    %cmp/s;
    %jmp/1xz T_12.5, 5;
    %jmp/1 T_12.5, 4;
    %pushi/vec4 1, 0, 32;
    %sub;
    %wait E_0x5558949dda10;
    %jmp T_12.4;
T_12.5 ;
    %pop/vec4 1;
    %load/vec4 v0x5558949fdf00_0;
    %addi 1, 0, 21;
    %store/vec4 v0x5558949fdf00_0, 0, 21;
    %jmp T_12.2;
T_12.3 ;
    %end;
    .thread T_12;
    .scope S_0x5558949c67b0;
T_13 ;
    %fork t_1, S_0x5558949c6620;
    %jmp t_0;
    .scope S_0x5558949c6620;
t_1 ;
    %vpi_call 2 62 "$dumpfile", "MappedSPIFlash_TB.vcd" {0 0 0};
    %vpi_call 2 63 "$dumpvars", 32'sb11111111111111111111111111111111, S_0x5558949fc000 {0 0 0};
    %delay 600000000, 0;
    %vpi_call 2 64 "$finish" {0 0 0};
    %end;
    .scope S_0x5558949c67b0;
t_0 %join;
    %end;
    .thread T_13;
# The file index is used to find the file name in the following table.
:file_names 5;
    "N/A";
    "<interactive>";
    "MappedSPIFlash_TB.v";
    "../sim_spi_flash/spiflash.v";
    "MappedSPIFlash.v";
