
70. Printing statistics.

=== SOC_flash ===

   Number of wires:              10616
   Number of wire bits:          10616
   Number of public wires:        2650
   Number of public wire bits:    2650
   Number of ports:                  9
   Number of port bits:              9
   Number of memories:               0
   Number of memory bits:            0
   Number of processes:              0
   Number of cells:              10612
     sky130_fd_sc_hd__a2111o_1       1
     sky130_fd_sc_hd__a2111oi_0      5
     sky130_fd_sc_hd__a2111oi_4      1
     sky130_fd_sc_hd__a211o_1        4
     sky130_fd_sc_hd__a211oi_1      64
     sky130_fd_sc_hd__a211oi_2       1
     sky130_fd_sc_hd__a21boi_0      22
     sky130_fd_sc_hd__a21boi_1       1
     sky130_fd_sc_hd__a21o_1        20
     sky130_fd_sc_hd__a21o_2         1
     sky130_fd_sc_hd__a21oi_1     1142
     sky130_fd_sc_hd__a21oi_2       17
     sky130_fd_sc_hd__a21oi_4        1
     sky130_fd_sc_hd__a221o_1       16
     sky130_fd_sc_hd__a221oi_1     153
     sky130_fd_sc_hd__a222oi_1     282
     sky130_fd_sc_hd__a22o_1        24
     sky130_fd_sc_hd__a22oi_1       80
     sky130_fd_sc_hd__a311oi_1       8
     sky130_fd_sc_hd__a31o_1         1
     sky130_fd_sc_hd__a31o_2         7
     sky130_fd_sc_hd__a31oi_1       42
     sky130_fd_sc_hd__a31oi_2        2
     sky130_fd_sc_hd__a31oi_4        1
     sky130_fd_sc_hd__a32o_1        21
     sky130_fd_sc_hd__a32oi_1        9
     sky130_fd_sc_hd__a41oi_1        1
     sky130_fd_sc_hd__and2_0         3
     sky130_fd_sc_hd__and3_1        47
     sky130_fd_sc_hd__buf_1          7
     sky130_fd_sc_hd__buf_2        128
     sky130_fd_sc_hd__buf_4          1
     sky130_fd_sc_hd__buf_6          1
     sky130_fd_sc_hd__clkbuf_1     489
     sky130_fd_sc_hd__conb_1         4
     sky130_fd_sc_hd__dfrtp_1       36
     sky130_fd_sc_hd__dfxtp_1      290
     sky130_fd_sc_hd__dlxtn_1       46
     sky130_fd_sc_hd__edfxtp_1    2188
     sky130_fd_sc_hd__inv_1         60
     sky130_fd_sc_hd__inv_2       1142
     sky130_fd_sc_hd__lpflow_clkbufkapwr_1    315
     sky130_fd_sc_hd__lpflow_clkinvkapwr_1      4
     sky130_fd_sc_hd__lpflow_inputiso0n_1     27
     sky130_fd_sc_hd__lpflow_isobufsrc_1     94
     sky130_fd_sc_hd__maj3_1        22
     sky130_fd_sc_hd__maj3_2        19
     sky130_fd_sc_hd__maj3_4         1
     sky130_fd_sc_hd__mux2_2        33
     sky130_fd_sc_hd__mux2i_1       85
     sky130_fd_sc_hd__nand2_1      997
     sky130_fd_sc_hd__nand2b_1      25
     sky130_fd_sc_hd__nand3_1      128
     sky130_fd_sc_hd__nand3_2        1
     sky130_fd_sc_hd__nand3b_1       7
     sky130_fd_sc_hd__nand3b_4       1
     sky130_fd_sc_hd__nand4_1       16
     sky130_fd_sc_hd__nand4b_1       1
     sky130_fd_sc_hd__nor2_1       713
     sky130_fd_sc_hd__nor2b_1        7
     sky130_fd_sc_hd__nor3_1       131
     sky130_fd_sc_hd__nor3b_1        3
     sky130_fd_sc_hd__nor4_1        68
     sky130_fd_sc_hd__nor4b_1        1
     sky130_fd_sc_hd__nor4bb_1       1
     sky130_fd_sc_hd__o2111ai_1      4
     sky130_fd_sc_hd__o211a_1        4
     sky130_fd_sc_hd__o211ai_1      18
     sky130_fd_sc_hd__o21a_1        13
     sky130_fd_sc_hd__o21a_2         1
     sky130_fd_sc_hd__o21ai_0      689
     sky130_fd_sc_hd__o21ai_1       82
     sky130_fd_sc_hd__o21bai_1       3
     sky130_fd_sc_hd__o221a_1        1
     sky130_fd_sc_hd__o221a_2        6
     sky130_fd_sc_hd__o221ai_1     208
     sky130_fd_sc_hd__o22ai_1      171
     sky130_fd_sc_hd__o311ai_0      22
     sky130_fd_sc_hd__o31a_1         1
     sky130_fd_sc_hd__o31ai_1       31
     sky130_fd_sc_hd__o32a_1         1
     sky130_fd_sc_hd__o32ai_1        2
     sky130_fd_sc_hd__o41ai_1        1
     sky130_fd_sc_hd__or2_2         33
     sky130_fd_sc_hd__or3_1         38
     sky130_fd_sc_hd__or3b_2         3
     sky130_fd_sc_hd__or4_1          5
     sky130_fd_sc_hd__xnor2_1      129
     sky130_fd_sc_hd__xor2_1        77

   Area for cell type \sky130_fd_sc_hd__a2111o_1 is unknown!
   Area for cell type \sky130_fd_sc_hd__a2111oi_0 is unknown!
   Area for cell type \sky130_fd_sc_hd__a211o_1 is unknown!
   Area for cell type \sky130_fd_sc_hd__a211oi_1 is unknown!
   Area for cell type \sky130_fd_sc_hd__a21boi_0 is unknown!
   Area for cell type \sky130_fd_sc_hd__a21boi_1 is unknown!
   Area for cell type \sky130_fd_sc_hd__a21o_1 is unknown!
   Area for cell type \sky130_fd_sc_hd__a21oi_1 is unknown!
   Area for cell type \sky130_fd_sc_hd__a221o_1 is unknown!
   Area for cell type \sky130_fd_sc_hd__a221oi_1 is unknown!
   Area for cell type \sky130_fd_sc_hd__a222oi_1 is unknown!
   Area for cell type \sky130_fd_sc_hd__a22o_1 is unknown!
   Area for cell type \sky130_fd_sc_hd__a22oi_1 is unknown!
   Area for cell type \sky130_fd_sc_hd__a311oi_1 is unknown!
   Area for cell type \sky130_fd_sc_hd__a31o_1 is unknown!
   Area for cell type \sky130_fd_sc_hd__a31oi_1 is unknown!
   Area for cell type \sky130_fd_sc_hd__a32o_1 is unknown!
   Area for cell type \sky130_fd_sc_hd__a32oi_1 is unknown!
   Area for cell type \sky130_fd_sc_hd__a41oi_1 is unknown!
   Area for cell type \sky130_fd_sc_hd__and2_0 is unknown!
   Area for cell type \sky130_fd_sc_hd__and3_1 is unknown!
   Area for cell type \sky130_fd_sc_hd__clkbuf_1 is unknown!
   Area for cell type \sky130_fd_sc_hd__dfrtp_1 is unknown!
   Area for cell type \sky130_fd_sc_hd__dfxtp_1 is unknown!
   Area for cell type \sky130_fd_sc_hd__edfxtp_1 is unknown!
   Area for cell type \sky130_fd_sc_hd__inv_1 is unknown!
   Area for cell type \sky130_fd_sc_hd__lpflow_clkbufkapwr_1 is unknown!
   Area for cell type \sky130_fd_sc_hd__lpflow_clkinvkapwr_1 is unknown!
   Area for cell type \sky130_fd_sc_hd__lpflow_inputiso0n_1 is unknown!
   Area for cell type \sky130_fd_sc_hd__lpflow_isobufsrc_1 is unknown!
   Area for cell type \sky130_fd_sc_hd__maj3_1 is unknown!
   Area for cell type \sky130_fd_sc_hd__maj3_2 is unknown!
   Area for cell type \sky130_fd_sc_hd__maj3_4 is unknown!
   Area for cell type \sky130_fd_sc_hd__mux2i_1 is unknown!
   Area for cell type \sky130_fd_sc_hd__nand2_1 is unknown!
   Area for cell type \sky130_fd_sc_hd__nand2b_1 is unknown!
   Area for cell type \sky130_fd_sc_hd__nand3_1 is unknown!
   Area for cell type \sky130_fd_sc_hd__nand3b_1 is unknown!
   Area for cell type \sky130_fd_sc_hd__nand4_1 is unknown!
   Area for cell type \sky130_fd_sc_hd__nand4b_1 is unknown!
   Area for cell type \sky130_fd_sc_hd__nor2_1 is unknown!
   Area for cell type \sky130_fd_sc_hd__nor2b_1 is unknown!
   Area for cell type \sky130_fd_sc_hd__nor3_1 is unknown!
   Area for cell type \sky130_fd_sc_hd__nor3b_1 is unknown!
   Area for cell type \sky130_fd_sc_hd__nor4_1 is unknown!
   Area for cell type \sky130_fd_sc_hd__nor4b_1 is unknown!
   Area for cell type \sky130_fd_sc_hd__nor4bb_1 is unknown!
   Area for cell type \sky130_fd_sc_hd__o2111ai_1 is unknown!
   Area for cell type \sky130_fd_sc_hd__o211a_1 is unknown!
   Area for cell type \sky130_fd_sc_hd__o211ai_1 is unknown!
   Area for cell type \sky130_fd_sc_hd__o21a_1 is unknown!
   Area for cell type \sky130_fd_sc_hd__o21ai_0 is unknown!
   Area for cell type \sky130_fd_sc_hd__o21ai_1 is unknown!
   Area for cell type \sky130_fd_sc_hd__o21bai_1 is unknown!
   Area for cell type \sky130_fd_sc_hd__o221a_1 is unknown!
   Area for cell type \sky130_fd_sc_hd__o221ai_1 is unknown!
   Area for cell type \sky130_fd_sc_hd__o22ai_1 is unknown!
   Area for cell type \sky130_fd_sc_hd__o311ai_0 is unknown!
   Area for cell type \sky130_fd_sc_hd__o31a_1 is unknown!
   Area for cell type \sky130_fd_sc_hd__o31ai_1 is unknown!
   Area for cell type \sky130_fd_sc_hd__o32a_1 is unknown!
   Area for cell type \sky130_fd_sc_hd__o32ai_1 is unknown!
   Area for cell type \sky130_fd_sc_hd__o41ai_1 is unknown!
   Area for cell type \sky130_fd_sc_hd__or3_1 is unknown!
   Area for cell type \sky130_fd_sc_hd__or4_1 is unknown!
   Area for cell type \sky130_fd_sc_hd__xnor2_1 is unknown!
   Area for cell type \sky130_fd_sc_hd__xor2_1 is unknown!

   Chip area for module '\SOC_flash': 6710.185600
     of which used for sequential elements: 0.000000 (0.00%)

